#
# A fatal error has been detected by the Java Runtime Environment:
#
#  EXCEPTION_ACCESS_VIOLATION (0xc0000005) at pc=0x61ddd940, pid=3952, tid=3292
#
# JRE version: Java(TM) SE Runtime Environment (7.0_40-b43) (build 1.7.0_40-b43)
# Java VM: Java HotSpot(TM) Server VM (24.0-b56 mixed mode windows-x86 )
# Problematic frame:
# C  0x61ddd940
#
# Failed to write core dump. Minidumps are not enabled by default on client versions of Windows
#
# If you would like to submit a bug report, please visit:
#   http://bugreport.sun.com/bugreport/crash.jsp
# The crash happened outside the Java Virtual Machine in native code.
# See problematic frame for where to report the bug.
#

---------------  T H R E A D  ---------------

Current thread (0x0df6dc00):  JavaThread "AWT-EventQueue-1" [_thread_in_native, id=3292, stack(0x11330000,0x11630000)]

siginfo: ExceptionCode=0xc0000005, reading address 0x20676eab

Registers:
EAX=0x0df6dd00, EBX=0x1425d9c0, ECX=0x20676e69, EDX=0x1426a0d0
ESP=0x1162d5a4, EBP=0x1162d628, ESI=0x1425d9c0, EDI=0x0df6dc00
EIP=0x61ddd940, EFLAGS=0x00010202

Top of Stack: (sp=0x1162d5a4)
0x1162d5a4:   528bc9b3 404eff6f 0df6dc00 1425d9c0
0x1162d5b4:   1425d9c0 1162d66c 1162d66c 05fc3354
0x1162d5c4:   05fb2a48 0df6dd30 1162d69c 1162d66c
0x1162d5d4:   1162d66c 05fc3354 05fb2a48 00000000
0x1162d5e4:   1162d69c 1162d66c 1371f240 00000000
0x1162d5f4:   1162d600 21a21958 0612dd2c 178232f8
0x1162d604:   18c966c8 1162d608 1371fd6a 1162d644
0x1162d614:   404eff6f 1162d5a8 1162de80 5295c988 

Instructions: (pc=0x61ddd940)
0x61ddd920:   76 10 e8 69 08 01 00 83 c4 04 c7 46 24 0f 00 00
0x61ddd930:   00 c7 46 20 00 00 00 00 c6 46 10 00 5e c3 cc cc
0x61ddd940:   8a 41 42 c3 cc cc cc cc cc cc cc cc cc cc cc cc
0x61ddd950:   b8 60 b4 df 61 c3 cc cc cc cc cc cc cc cc cc cc 


Register to memory mapping:

EAX=0x0df6dd00 is an unknown value
EBX=0x1425d9c0 is an oop
{method} 
 - klass: {other class}
ECX=0x20676e69 is an unallocated location in the heap
EDX=0x1426a0d0 is an oop
{constant pool cache} 
 - klass: {other class}
                 -------------
  0  (0x1426a0e0)  [00|00|    3]
                 [   0x00000000]
                 [   0x00000000]
                 [   0x00000000]
                 -------------
ESP=0x1162d5a4 is pointing into the stack for thread: 0x0df6dc00
EBP=0x1162d628 is pointing into the stack for thread: 0x0df6dc00
ESI=0x1425d9c0 is an oop
{method} 
 - klass: {other class}
EDI=0x0df6dc00 is a thread


Stack: [0x11330000,0x11630000],  sp=0x1162d5a4,  free space=3061k
Native frames: (J=compiled Java code, j=interpreted, Vv=VM code, C=native code)
C  0x61ddd940
j  ui.data.labtools.lthwdatai.HWDevice_isXicomCfgMemSupported(J)Z+0
j  ui.data.labtools.a.aWn()Z+4
j  ui.views.b.l.c.a.aV()Z+36
j  ui.views.b.l.c.d.l(Lui/views/G/e;)Z+1
j  ui.views.G.n.j(Lui/views/G/Z;)Z+39

Java frames: (J=compiled Java code, j=interpreted, Vv=VM code)
j  ui.data.labtools.lthwdatai.HWDevice_isXicomCfgMemSupported(J)Z+0
j  ui.data.labtools.a.aWn()Z+4
j  ui.views.b.l.c.a.aV()Z+36
j  ui.views.b.l.c.d.l(Lui/views/G/e;)Z+1
j  ui.views.G.n.j(Lui/views/G/Z;)Z+39
J  ui.views.G.j.getTreeCellRendererComponent(Ljavax/swing/JTree;Ljava/lang/Object;ZZZIZ)Ljava/awt/Component;
J  org.jdesktop.swingx.JXTree$DelegatingRenderer.getTreeCellRendererComponent(Ljavax/swing/JTree;Ljava/lang/Object;ZZZIZ)Ljava/awt/Component;
J  javax.swing.tree.VariableHeightLayoutCache$TreeStateNode.expand(Z)V
j  javax.swing.tree.VariableHeightLayoutCache$TreeStateNode.expand()V+2
j  javax.swing.tree.VariableHeightLayoutCache.ensurePathIsExpanded(Ljavax/swing/tree/TreePath;Z)V+52
j  javax.swing.tree.VariableHeightLayoutCache.setExpandedState(Ljavax/swing/tree/TreePath;Z)V+11
j  javax.swing.plaf.basic.BasicTreeUI.updateExpandedDescendants(Ljavax/swing/tree/TreePath;)V+17
j  javax.swing.plaf.basic.BasicTreeUI$Handler.treeExpanded(Ljavax/swing/event/TreeExpansionEvent;)V+24
j  javax.swing.JTree.fireTreeExpanded(Ljavax/swing/tree/TreePath;)V+32
j  javax.swing.JTree.setExpandedState(Ljavax/swing/tree/TreePath;Z)V+401
j  javax.swing.JTree.expandPath(Ljavax/swing/tree/TreePath;)V+29
j  ui.g.i.w.X.G(Ljava/util/List;)V+65
j  ui.g.i.w.X.clg()V+17
j  ui.views.G.u.update()V+18
j  ui.views.G.G.update()V+4
j  ui.views.G.Z.eMF()V+11
j  ui.aY.bX()V+8
j  ui.aY.O()V+15
j  ui.g.G.dwv()V+31
j  ui.b.b.P.aW(II)V+541
j  ui.b.b.P.XJ()V+3
j  ui.b.b.bF.XJ()V+1
j  ui.b.b.an.XJ()V+27
j  ui.data.design.H.a(Lui/views/G/Z;)V+32
j  ui.views.cP.b(I)V+12
j  ui.b.b.co.t()V+248
j  ui.b.b.cE.finished()V+4
j  ui.frmwork.m.run()V+11
J  java.awt.EventQueue$3.run()Ljava/lang/Object;
v  ~StubRoutines::call_stub
J  java.security.AccessController.doPrivileged(Ljava/security/PrivilegedAction;Ljava/security/AccessControlContext;)Ljava/lang/Object;
J  java.awt.EventDispatchThread.pumpOneEventForFilters(I)V
J  java.awt.EventDispatchThread.pumpEventsForFilter(ILjava/awt/Conditional;Ljava/awt/EventFilter;)V
j  java.awt.EventDispatchThread.pumpEventsForFilter(Ljava/awt/Conditional;Ljava/awt/EventFilter;)V+4
j  java.awt.WaitDispatchSupport$2.run()V+59
j  java.awt.WaitDispatchSupport$4.run()Ljava/lang/Object;+4
v  ~StubRoutines::call_stub
j  java.security.AccessController.doPrivileged(Ljava/security/PrivilegedAction;)Ljava/lang/Object;+0
j  java.awt.WaitDispatchSupport.enter()Z+231
j  java.awt.Dialog.show()V+233
j  java.awt.Component.show(Z)V+5
j  java.awt.Component.setVisible(Z)V+2
j  java.awt.Window.setVisible(Z)V+2
j  java.awt.Dialog.setVisible(Z)V+2
j  ui.b.b.P.setVisible(Z)V+2
j  ui.b.b.co.XJ()V+52
j  ui.b.b.cA.actionPerformed(Ljava/awt/event/ActionEvent;)V+53
j  ui.b.b.co.ckk()V+304
j  ui.views.cD.actionPerformed(Ljava/awt/event/ActionEvent;)V+167
j  javax.swing.AbstractButton.fireActionPerformed(Ljava/awt/event/ActionEvent;)V+84
j  javax.swing.AbstractButton$Handler.actionPerformed(Ljava/awt/event/ActionEvent;)V+5
j  javax.swing.DefaultButtonModel.fireActionPerformed(Ljava/awt/event/ActionEvent;)V+35
j  javax.swing.DefaultButtonModel.setPressed(Z)V+117
j  javax.swing.AbstractButton.doClick(I)V+64
j  com.jidesoft.plaf.vsnet.VsnetMenuItemUI.doClick(Ljavax/swing/MenuSelectionManager;)V+17
j  com.jidesoft.plaf.vsnet.VsnetMenuItemUI$MouseInputHandler.mouseReleased(Ljava/awt/event/MouseEvent;)V+85
j  java.awt.AWTEventMulticaster.mouseReleased(Ljava/awt/event/MouseEvent;)V+8
j  java.awt.AWTEventMulticaster.mouseReleased(Ljava/awt/event/MouseEvent;)V+8
j  java.awt.Component.processMouseEvent(Ljava/awt/event/MouseEvent;)V+64
j  javax.swing.JComponent.processMouseEvent(Ljava/awt/event/MouseEvent;)V+23
j  java.awt.Component.processEvent(Ljava/awt/AWTEvent;)V+81
j  java.awt.Container.processEvent(Ljava/awt/AWTEvent;)V+18
J  java.awt.Component.dispatchEventImpl(Ljava/awt/AWTEvent;)V
j  java.awt.Container.dispatchEventImpl(Ljava/awt/AWTEvent;)V+42
J  java.awt.LightweightDispatcher.retargetMouseEvent(Ljava/awt/Component;ILjava/awt/event/MouseEvent;)V
j  java.awt.LightweightDispatcher.processMouseEvent(Ljava/awt/event/MouseEvent;)Z+139
j  java.awt.LightweightDispatcher.dispatchEvent(Ljava/awt/AWTEvent;)Z+50
j  java.awt.Container.dispatchEventImpl(Ljava/awt/AWTEvent;)V+12
j  java.awt.Window.dispatchEventImpl(Ljava/awt/AWTEvent;)V+19
J  java.awt.EventQueue$3.run()Ljava/lang/Object;
v  ~StubRoutines::call_stub
J  java.security.AccessController.doPrivileged(Ljava/security/PrivilegedAction;Ljava/security/AccessControlContext;)Ljava/lang/Object;
J  java.security.ProtectionDomain$1.doIntersectionPrivilege(Ljava/security/PrivilegedAction;Ljava/security/AccessControlContext;Ljava/security/AccessControlContext;)Ljava/lang/Object;
j  java.security.ProtectionDomain$1.doIntersectionPrivilege(Ljava/security/PrivilegedAction;Ljava/security/AccessControlContext;)Ljava/lang/Object;+6
j  java.awt.EventQueue$4.run()Ljava/lang/Void;+11
j  java.awt.EventQueue$4.run()Ljava/lang/Object;+1
v  ~StubRoutines::call_stub
J  java.security.AccessController.doPrivileged(Ljava/security/PrivilegedAction;Ljava/security/AccessControlContext;)Ljava/lang/Object;
J  java.awt.EventDispatchThread.pumpEventsForFilter(ILjava/awt/Conditional;Ljava/awt/EventFilter;)V
j  java.awt.EventDispatchThread.pumpEventsForHierarchy(ILjava/awt/Conditional;Ljava/awt/Component;)V+11
j  java.awt.EventDispatchThread.pumpEvents(ILjava/awt/Conditional;)V+4
j  java.awt.EventDispatchThread.pumpEvents(Ljava/awt/Conditional;)V+3
j  java.awt.EventDispatchThread.run()V+9
v  ~StubRoutines::call_stub

---------------  P R O C E S S  ---------------

Java Threads: ( => current thread )
  0x2aab3000 JavaThread "Image Fetcher 1" daemon [_thread_blocked, id=3572, stack(0x2cc60000,0x2cf60000)]
  0x2aa38400 JavaThread "Refresh links" [_thread_blocked, id=3132, stack(0x31340000,0x31640000)]
  0x2aa38800 JavaThread "Refresh GTs" [_thread_blocked, id=3884, stack(0x30f80000,0x31280000)]
  0x2aa39000 JavaThread "Image Fetcher 0" daemon [_thread_blocked, id=2644, stack(0x2c7d0000,0x2cad0000)]
  0x2a587400 JavaThread "Monitor File Timestamp" [_thread_blocked, id=796, stack(0x2c0b0000,0x2c3b0000)]
  0x2724ec00 JavaThread "Monitor File Timestamp" [_thread_blocked, id=2940, stack(0x2c4b0000,0x2c7b0000)]
  0x2b4d6000 JavaThread "Monitor File Timestamp" [_thread_blocked, id=1444, stack(0x2ba60000,0x2bd60000)]
  0x2b4d7800 JavaThread "Monitor File Timestamp" [_thread_blocked, id=3512, stack(0x2b640000,0x2b940000)]
  0x2aab7000 JavaThread "Monitor File Timestamp" [_thread_blocked, id=3584, stack(0x2afb0000,0x2b2b0000)]
  0x11ed5c00 JavaThread "hw_ila_monitor" [_thread_blocked, id=3436, stack(0x29ef0000,0x2a1f0000)]
  0x051c3c00 JavaThread "Update Runs" [_thread_blocked, id=2248, stack(0x29aa0000,0x29da0000)]
  0x0dea7c00 JavaThread "Refresh Filesets" [_thread_blocked, id=2408, stack(0x29650000,0x29950000)]
  0x03ae4000 JavaThread "Swing-Shell" daemon [_thread_blocked, id=3252, stack(0x28080000,0x28380000)]
  0x272c7c00 JavaThread "Monitor File Timestamp" [_thread_blocked, id=3172, stack(0x27840000,0x27b40000)]
=>0x0df6dc00 JavaThread "AWT-EventQueue-1" [_thread_in_native, id=3292, stack(0x11330000,0x11630000)]
  0x0df65000 JavaThread "Process Messages" [_thread_blocked, id=3556, stack(0x10ff0000,0x112f0000)]
  0x056b2800 JavaThread "Thread-3" [_thread_in_native, id=284, stack(0x01ba0000,0x02fa0000)]
  0x0bdd1c00 JavaThread "AWT-EventQueue-0" [_thread_blocked, id=2968, stack(0x10cb0000,0x10fb0000)]
  0x0bdd2400 JavaThread "AWT-Windows" daemon [_thread_in_native, id=3080, stack(0x0edb0000,0x0f0b0000)]
  0x0bdd2c00 JavaThread "AWT-Shutdown" [_thread_blocked, id=3560, stack(0x0e970000,0x0ec70000)]
  0x0dca0800 JavaThread "Java2D Disposer" daemon [_thread_blocked, id=3124, stack(0x0e4b0000,0x0e7b0000)]
  0x0d72e800 JavaThread "TimerQueue" daemon [_thread_blocked, id=2956, stack(0x0d7d0000,0x0dad0000)]
  0x0a187000 JavaThread "Service Thread" daemon [_thread_blocked, id=4056, stack(0x0b8c0000,0x0bbc0000)]
  0x0a2e0800 JavaThread "C2 CompilerThread1" daemon [_thread_blocked, id=860, stack(0x0b680000,0x0b780000)]
  0x0a2e1c00 JavaThread "C2 CompilerThread0" daemon [_thread_blocked, id=1368, stack(0x0ada0000,0x0aea0000)]
  0x0a2e3400 JavaThread "Attach Listener" daemon [_thread_blocked, id=3120, stack(0x0b1a0000,0x0b4a0000)]
  0x0a2e4c00 JavaThread "Signal Dispatcher" daemon [_thread_blocked, id=2336, stack(0x0aea0000,0x0b1a0000)]
  0x0a1e4800 JavaThread "Finalizer" daemon [_thread_blocked, id=3164, stack(0x0a9e0000,0x0ace0000)]
  0x0a1e6c00 JavaThread "Reference Handler" daemon [_thread_blocked, id=540, stack(0x0a520000,0x0a820000)]
  0x01829000 JavaThread "main" [_thread_blocked, id=2100, stack(0x05eb0000,0x05fb0000)]

Other Threads:
  0x0a1e7c00 VMThread [stack: 0x0a360000,0x0a460000] [id=2280]
  0x0a185400 WatcherThread [stack: 0x0bcb0000,0x0bdb0000] [id=2936]

VM state:not at safepoint (normal execution)

VM Mutex/Monitor currently owned by a thread: None

Heap
 PSYoungGen      total 39168K, used 15773K [0x20c80000, 0x23740000, 0x26200000)
  eden space 37632K, 37% used [0x20c80000,0x21a6e978,0x23140000)
  from space 1536K, 98% used [0x23140000,0x232b8bd8,0x232c0000)
  to   space 3328K, 0% used [0x23400000,0x23400000,0x23740000)
 ParOldGen       total 87552K, used 45869K [0x16200000, 0x1b780000, 0x20c80000)
  object space 87552K, 52% used [0x16200000,0x18ecb500,0x1b780000)
 PSPermGen       total 65536K, used 34098K [0x12200000, 0x16200000, 0x16200000)
  object space 65536K, 52% used [0x12200000,0x1434cb48,0x16200000)

Card table byte_map: [0x03dd0000,0x03e80000] byte_map_base: 0x03d3f000

Polling page: 0x01300000

Code Cache  [0x05fb0000, 0x06748000, 0x08fb0000)
 total_blobs=2945 nmethods=2603 adapters=289 free_code_cache=41487Kb largest_free_block=42399936

Compilation events (10 events):
Event: 1947.103 Thread 0x0a2e1c00 2859             com.jidesoft.swing.JideSwingUtilities::getButtonState (136 bytes)
Event: 1947.106 Thread 0x0a2e1c00 nmethod 2859 0x0670eac8 code [0x0670ec00, 0x0670ee1c]
Event: 1947.205 Thread 0x0a2e0800 2860             com.jidesoft.swing.JideSplitPane::removeExtraDividers (226 bytes)
Event: 1947.215 Thread 0x0a2e0800 nmethod 2860 0x065a4a48 code [0x065a4c20, 0x065a51c0]
Event: 2026.177 Thread 0x0a2e1c00 2861             ui.views.a::f (81 bytes)
Event: 2026.227 Thread 0x0a2e1c00 nmethod 2861 0x0673c948 code [0x0673cbc0, 0x0673e340]
Event: 2026.307 Thread 0x0a2e0800 2862             javax.swing.AbstractListModel::fireIntervalAdded (77 bytes)
Event: 2026.317 Thread 0x0a2e0800 nmethod 2862 0x066f9a08 code [0x066f9b20, 0x066f9d90]
Event: 2031.577 Thread 0x0a2e1c00 2863             com.jidesoft.plaf.office2003.Office2003Painter::paintGripper (208 bytes)
Event: 2031.637 Thread 0x0a2e1c00 nmethod 2863 0x06721208 code [0x067215e0, 0x067231dc]

GC Heap History (10 events):
Event: 1943.550 GC heap before
{Heap before GC invocations=118 (full 3):
 PSYoungGen      total 41216K, used 40822K [0x20c80000, 0x23740000, 0x26200000)
  eden space 39168K, 100% used [0x20c80000,0x232c0000,0x232c0000)
  from space 2048K, 80% used [0x23540000,0x236dd868,0x23740000)
  to   space 2304K, 0% used [0x232c0000,0x232c0000,0x23500000)
 ParOldGen       total 87552K, used 39539K [0x16200000, 0x1b780000, 0x20c80000)
  object space 87552K, 45% used [0x16200000,0x1889cc08,0x1b780000)
 PSPermGen       total 65536K, used 34096K [0x12200000, 0x16200000, 0x16200000)
  object space 65536K, 52% used [0x12200000,0x1434c3c8,0x16200000)
Event: 1943.556 GC heap after
Heap after GC invocations=118 (full 3):
 PSYoungGen      total 41216K, used 1901K [0x20c80000, 0x23740000, 0x26200000)
  eden space 39168K, 0% used [0x20c80000,0x20c80000,0x232c0000)
  from space 2048K, 92% used [0x232c0000,0x2349b740,0x234c0000)
  to   space 2560K, 0% used [0x234c0000,0x234c0000,0x23740000)
 ParOldGen       total 87552K, used 40509K [0x16200000, 0x1b780000, 0x20c80000)
  object space 87552K, 46% used [0x16200000,0x1898f538,0x1b780000)
 PSPermGen       total 65536K, used 34096K [0x12200000, 0x16200000, 0x16200000)
  object space 65536K, 52% used [0x12200000,0x1434c3c8,0x16200000)
}
Event: 1947.517 GC heap before
{Heap before GC invocations=119 (full 3):
 PSYoungGen      total 41216K, used 41069K [0x20c80000, 0x23740000, 0x26200000)
  eden space 39168K, 100% used [0x20c80000,0x232c0000,0x232c0000)
  from space 2048K, 92% used [0x232c0000,0x2349b740,0x234c0000)
  to   space 2560K, 0% used [0x234c0000,0x234c0000,0x23740000)
 ParOldGen       total 87552K, used 40509K [0x16200000, 0x1b780000, 0x20c80000)
  object space 87552K, 46% used [0x16200000,0x1898f538,0x1b780000)
 PSPermGen       total 65536K, used 34097K [0x12200000, 0x16200000, 0x16200000)
  object space 65536K, 52% used [0x12200000,0x1434c548,0x16200000)
Event: 1947.522 GC heap after
Heap after GC invocations=119 (full 3):
 PSYoungGen      total 41216K, used 1400K [0x20c80000, 0x23740000, 0x26200000)
  eden space 38656K, 0% used [0x20c80000,0x20c80000,0x23240000)
  from space 2560K, 54% used [0x234c0000,0x2361e050,0x23740000)
  to   space 2560K, 0% used [0x23240000,0x23240000,0x234c0000)
 ParOldGen       total 87552K, used 41659K [0x16200000, 0x1b780000, 0x20c80000)
  object space 87552K, 47% used [0x16200000,0x18aaef80,0x1b780000)
 PSPermGen       total 65536K, used 34097K [0x12200000, 0x16200000, 0x16200000)
  object space 65536K, 52% used [0x12200000,0x1434c548,0x16200000)
}
Event: 2004.898 GC heap before
{Heap before GC invocations=120 (full 3):
 PSYoungGen      total 41216K, used 40056K [0x20c80000, 0x23740000, 0x26200000)
  eden space 38656K, 100% used [0x20c80000,0x23240000,0x23240000)
  from space 2560K, 54% used [0x234c0000,0x2361e050,0x23740000)
  to   space 2560K, 0% used [0x23240000,0x23240000,0x234c0000)
 ParOldGen       total 87552K, used 41659K [0x16200000, 0x1b780000, 0x20c80000)
  object space 87552K, 47% used [0x16200000,0x18aaef80,0x1b780000)
 PSPermGen       total 65536K, used 34098K [0x12200000, 0x16200000, 0x16200000)
  object space 65536K, 52% used [0x12200000,0x1434c870,0x16200000)
Event: 2004.909 GC heap after
Heap after GC invocations=120 (full 3):
 PSYoungGen      total 41216K, used 1472K [0x20c80000, 0x23740000, 0x26200000)
  eden space 38656K, 0% used [0x20c80000,0x20c80000,0x23240000)
  from space 2560K, 57% used [0x23240000,0x233b0060,0x234c0000)
  to   space 2560K, 0% used [0x234c0000,0x234c0000,0x23740000)
 ParOldGen       total 87552K, used 42396K [0x16200000, 0x1b780000, 0x20c80000)
  object space 87552K, 48% used [0x16200000,0x18b67280,0x1b780000)
 PSPermGen       total 65536K, used 34098K [0x12200000, 0x16200000, 0x16200000)
  object space 65536K, 52% used [0x12200000,0x1434c870,0x16200000)
}
Event: 2025.995 GC heap before
{Heap before GC invocations=121 (full 3):
 PSYoungGen      total 41216K, used 40128K [0x20c80000, 0x23740000, 0x26200000)
  eden space 38656K, 100% used [0x20c80000,0x23240000,0x23240000)
  from space 2560K, 57% used [0x23240000,0x233b0060,0x234c0000)
  to   space 2560K, 0% used [0x234c0000,0x234c0000,0x23740000)
 ParOldGen       total 87552K, used 42396K [0x16200000, 0x1b780000, 0x20c80000)
  object space 87552K, 48% used [0x16200000,0x18b67280,0x1b780000)
 PSPermGen       total 65536K, used 34098K [0x12200000, 0x16200000, 0x16200000)
  object space 65536K, 52% used [0x12200000,0x1434c990,0x16200000)
Event: 2026.005 GC heap after
Heap after GC invocations=121 (full 3):
 PSYoungGen      total 40192K, used 2553K [0x20c80000, 0x23840000, 0x26200000)
  eden space 37632K, 0% used [0x20c80000,0x20c80000,0x23140000)
  from space 2560K, 99% used [0x234c0000,0x2373e718,0x23740000)
  to   space 3584K, 0% used [0x23140000,0x23140000,0x234c0000)
 ParOldGen       total 87552K, used 43563K [0x16200000, 0x1b780000, 0x20c80000)
  object space 87552K, 49% used [0x16200000,0x18c8af80,0x1b780000)
 PSPermGen       total 65536K, used 34098K [0x12200000, 0x16200000, 0x16200000)
  object space 65536K, 52% used [0x12200000,0x1434c990,0x16200000)
}
Event: 2031.645 GC heap before
{Heap before GC invocations=122 (full 3):
 PSYoungGen      total 40192K, used 40185K [0x20c80000, 0x23840000, 0x26200000)
  eden space 37632K, 100% used [0x20c80000,0x23140000,0x23140000)
  from space 2560K, 99% used [0x234c0000,0x2373e718,0x23740000)
  to   space 3584K, 0% used [0x23140000,0x23140000,0x234c0000)
 ParOldGen       total 87552K, used 43563K [0x16200000, 0x1b780000, 0x20c80000)
  object space 87552K, 49% used [0x16200000,0x18c8af80,0x1b780000)
 PSPermGen       total 65536K, used 34098K [0x12200000, 0x16200000, 0x16200000)
  object space 65536K, 52% used [0x12200000,0x1434cad0,0x16200000)
Event: 2031.653 GC heap after
Heap after GC invocations=122 (full 3):
 PSYoungGen      total 39168K, used 1506K [0x20c80000, 0x23740000, 0x26200000)
  eden space 37632K, 0% used [0x20c80000,0x20c80000,0x23140000)
  from space 1536K, 98% used [0x23140000,0x232b8bd8,0x232c0000)
  to   space 3328K, 0% used [0x23400000,0x23400000,0x23740000)
 ParOldGen       total 87552K, used 45869K [0x16200000, 0x1b780000, 0x20c80000)
  object space 87552K, 52% used [0x16200000,0x18ecb500,0x1b780000)
 PSPermGen       total 65536K, used 34098K [0x12200000, 0x16200000, 0x16200000)
  object space 65536K, 52% used [0x12200000,0x1434cad0,0x16200000)
}

Deoptimization events (10 events):
Event: 1585.821 Thread 0x0df6dc00 Uncommon trap: reason=class_check action=maybe_recompile pc=0x063e1fd0 method=javax.swing.plaf.basic.BasicTreeUI.paintHorizontalPartOfLeg(Ljava/awt/Graphics;Ljava/awt/Rectangle;Ljava/awt/Insets;Ljava/awt/Rectangle;Ljavax/swing/tree/TreePath;IZZZ)V @ 117
Event: 1585.821 Thread 0x0df6dc00 Uncommon trap: reason=class_check action=maybe_recompile pc=0x064d4648 method=javax.swing.plaf.basic.BasicTreeUI.drawCentered(Ljava/awt/Component;Ljava/awt/Graphics;Ljavax/swing/Icon;II)V @ 7
Event: 1585.821 Thread 0x0df6dc00 Uncommon trap: reason=class_check action=maybe_recompile pc=0x06694330 method=javax.swing.plaf.basic.BasicTreeUI.paintRow(Ljava/awt/Graphics;Ljava/awt/Rectangle;Ljava/awt/Insets;Ljava/awt/Rectangle;Ljavax/swing/tree/TreePath;IZZZ)V @ 79
Event: 1585.838 Thread 0x0df6dc00 Uncommon trap: reason=unreached action=reinterpret pc=0x066108d8 method=ui.views.G.ap.eLC()Ljava/util/Collection; @ 12
Event: 1589.001 Thread 0x0df6dc00 Uncommon trap: reason=unreached action=reinterpret pc=0x065a61e8 method=javax.swing.JComponent._paintImmediately(IIII)V @ 213
Event: 1819.300 Thread 0x0df6dc00 Uncommon trap: reason=bimorphic action=maybe_recompile pc=0x062db980 method=javax.swing.plaf.basic.BasicHTML.createHTMLView(Ljavax/swing/JComponent;Ljava/lang/String;)Ljavax/swing/text/View; @ 6
Event: 1819.304 Thread 0x0df6dc00 Uncommon trap: reason=bimorphic action=maybe_recompile pc=0x062db980 method=javax.swing.plaf.basic.BasicHTML.createHTMLView(Ljavax/swing/JComponent;Ljava/lang/String;)Ljavax/swing/text/View; @ 6
Event: 1822.705 Thread 0x0df6dc00 Uncommon trap: reason=bimorphic action=maybe_recompile pc=0x062db980 method=javax.swing.plaf.basic.BasicHTML.createHTMLView(Ljavax/swing/JComponent;Ljava/lang/String;)Ljavax/swing/text/View; @ 6
Event: 1822.726 Thread 0x0df6dc00 Uncommon trap: reason=bimorphic action=maybe_recompile pc=0x062db980 method=javax.swing.plaf.basic.BasicHTML.createHTMLView(Ljavax/swing/JComponent;Ljava/lang/String;)Ljavax/swing/text/View; @ 6
Event: 2030.888 Thread 0x0df6dc00 Uncommon trap: reason=bimorphic action=maybe_recompile pc=0x061d9d50 method=javax.swing.InputMap.allKeys()[Ljavax/swing/KeyStroke; @ 38

Internal exceptions (10 events):
Event: 1828.186 Thread 0x0df6dc00 Threw 0x230bc110 at C:\jdk7u2_32P\jdk7u40\hotspot\src\share\vm\prims\jni.cpp:717
Event: 1833.193 Thread 0x0df6dc00 Threw 0x213e5518 at C:\jdk7u2_32P\jdk7u40\hotspot\src\share\vm\prims\jni.cpp:717
Event: 1838.201 Thread 0x0df6dc00 Threw 0x215d6d30 at C:\jdk7u2_32P\jdk7u40\hotspot\src\share\vm\prims\jni.cpp:717
Event: 1843.208 Thread 0x0df6dc00 Threw 0x218bdf90 at C:\jdk7u2_32P\jdk7u40\hotspot\src\share\vm\prims\jni.cpp:717
Event: 1848.216 Thread 0x0df6dc00 Threw 0x21c23ce0 at C:\jdk7u2_32P\jdk7u40\hotspot\src\share\vm\prims\jni.cpp:717
Event: 1853.223 Thread 0x0df6dc00 Threw 0x21d9de60 at C:\jdk7u2_32P\jdk7u40\hotspot\src\share\vm\prims\jni.cpp:717
Event: 1858.246 Thread 0x0df6dc00 Threw 0x223cc760 at C:\jdk7u2_32P\jdk7u40\hotspot\src\share\vm\prims\jni.cpp:717
Event: 1863.335 Thread 0x0df6dc00 Threw 0x216e44b8 at C:\jdk7u2_32P\jdk7u40\hotspot\src\share\vm\prims\jni.cpp:717
Event: 1868.293 Thread 0x0df6dc00 Threw 0x21bfa8c8 at C:\jdk7u2_32P\jdk7u40\hotspot\src\share\vm\prims\jni.cpp:717
Event: 2032.405 Thread 0x2aab2800 Threw 0x210abe70 at C:\jdk7u2_32P\jdk7u40\hotspot\src\share\vm\prims\jni.cpp:717

Events (10 events):
Event: 2031.655 Executing VM operation: RevokeBias done
Event: 2031.655 Executing VM operation: RevokeBias
Event: 2031.655 Executing VM operation: RevokeBias done
Event: 2032.405 Executing VM operation: RevokeBias
Event: 2032.405 Executing VM operation: RevokeBias done
Event: 2032.406 Executing VM operation: RevokeBias
Event: 2032.406 Executing VM operation: RevokeBias done
Event: 2032.406 Thread 0x2aab2800 Thread exited: 0x2aab2800
Event: 2032.430 Executing VM operation: BulkRevokeBias
Event: 2032.431 Executing VM operation: BulkRevokeBias done


Dynamic libraries:
0x01320000 - 0x0135a000 	C:\Xilinx\Vivado\Vivado\2014.2\bin\unwrapped\win32.o\vivado.exe
0x77890000 - 0x779cc000 	C:\Windows\SYSTEM32\ntdll.dll
0x76290000 - 0x76364000 	C:\Windows\system32\kernel32.dll
0x758a0000 - 0x758eb000 	C:\Windows\system32\KERNELBASE.dll
0x0a900000 - 0x0a953000 	C:\Xilinx\Vivado\Vivado\2014.2\lib\win32.o\SHSMP.dll
0x75fe0000 - 0x760a9000 	C:\Windows\system32\USER32.dll
0x75a20000 - 0x75a6e000 	C:\Windows\system32\GDI32.dll
0x76180000 - 0x7618a000 	C:\Windows\system32\LPK.dll
0x771a0000 - 0x7723d000 	C:\Windows\system32\USP10.dll
0x77070000 - 0x7711c000 	C:\Windows\system32\msvcrt.dll
0x77240000 - 0x772e0000 	C:\Windows\system32\ADVAPI32.dll
0x75e80000 - 0x75e99000 	C:\Windows\SYSTEM32\sechost.dll
0x75dd0000 - 0x75e72000 	C:\Windows\system32\RPCRT4.dll
0x74850000 - 0x74859000 	C:\Windows\system32\VERSION.dll
0x72e40000 - 0x72e4f000 	C:\Xilinx\Vivado\Vivado\2014.2\lib\win32.o\libboost_signals.dll
0x67b60000 - 0x67be5000 	C:\Windows\system32\MSVCP110.dll
0x63af0000 - 0x63bc6000 	C:\Windows\system32\MSVCR110.dll
0x5f3b0000 - 0x5f9b2000 	C:\Xilinx\Vivado\Vivado\2014.2\lib\win32.o\librdi_common.dll
0x5fc10000 - 0x5fe63000 	C:\Xilinx\Vivado\Vivado\2014.2\lib\win32.o\libCOIN-all.dll
0x5f1c0000 - 0x5f3ae000 	C:\Xilinx\Vivado\Vivado\2014.2\lib\win32.o\libXil_lmgr11.dll
0x74c60000 - 0x74c71000 	C:\Windows\system32\NETAPI32.dll
0x74c50000 - 0x74c59000 	C:\Windows\system32\netutils.dll
0x75330000 - 0x75349000 	C:\Windows\system32\srvcli.dll
0x74c40000 - 0x74c4f000 	C:\Windows\system32\wkscli.dll
0x77120000 - 0x7719b000 	C:\Windows\system32\COMDLG32.dll
0x76fc0000 - 0x77017000 	C:\Windows\system32\SHLWAPI.dll
0x71a60000 - 0x71ae4000 	C:\Windows\WinSxS\x86_microsoft.windows.common-controls_6595b64144ccf1df_5.82.7601.18201_none_ec80f00e8593ece5\COMCTL32.dll
0x76370000 - 0x76fba000 	C:\Windows\system32\SHELL32.dll
0x6ed00000 - 0x6ed07000 	C:\Windows\system32\WSOCK32.dll
0x779d0000 - 0x77a05000 	C:\Windows\system32\WS2_32.dll
0x77580000 - 0x77586000 	C:\Windows\system32\NSI.dll
0x77a10000 - 0x77a9f000 	C:\Windows\system32\OLEAUT32.dll
0x77420000 - 0x7757c000 	C:\Windows\system32\ole32.dll
0x75700000 - 0x7572e000 	C:\Windows\system32\WINTRUST.dll
0x75780000 - 0x758a0000 	C:\Windows\system32\CRYPT32.dll
0x756c0000 - 0x756cc000 	C:\Windows\system32\MSASN1.dll
0x740b0000 - 0x740bd000 	C:\Xilinx\Vivado\Vivado\2014.2\lib\win32.o\libboost_date_time.dll
0x71050000 - 0x7106c000 	C:\Xilinx\Vivado\Vivado\2014.2\lib\win32.o\libboost_filesystem.dll
0x70b50000 - 0x70b57000 	C:\Xilinx\Vivado\Vivado\2014.2\lib\win32.o\libboost_system.dll
0x6c4b0000 - 0x6c510000 	C:\Xilinx\Vivado\Vivado\2014.2\lib\win32.o\libboost_program_options.dll
0x62b20000 - 0x62bec000 	C:\Xilinx\Vivado\Vivado\2014.2\lib\win32.o\libboost_regex.dll
0x70890000 - 0x708a6000 	C:\Xilinx\Vivado\Vivado\2014.2\lib\win32.o\libboost_thread.dll
0x70860000 - 0x7086a000 	C:\Xilinx\Vivado\Vivado\2014.2\lib\win32.o\libboost_chrono.dll
0x70360000 - 0x703c8000 	C:\Xilinx\Vivado\Vivado\2014.2\lib\win32.o\libhdlpsolve.dll
0x63c10000 - 0x63c91000 	C:\Xilinx\Vivado\Vivado\2014.2\lib\win32.o\libhdxml.dll
0x5ec50000 - 0x5f1bb400 	C:\Xilinx\Vivado\Vivado\2014.2\lib\win32.o\libisl_iostreams.dll
0x70840000 - 0x70852000 	C:\Xilinx\Vivado\Vivado\2014.2\lib\win32.o\libboost_iostreams.dll
0x706d0000 - 0x706ed000 	C:\Xilinx\Vivado\Vivado\2014.2\lib\win32.o\librdizlib.dll
0x706b0000 - 0x706cb000 	C:\Xilinx\Vivado\Vivado\2014.2\lib\win32.o\libisl_iosutils.dll
0x6c480000 - 0x6c4a1000 	C:\Xilinx\Vivado\Vivado\2014.2\lib\win32.o\libisl_sysinfo.dll
0x5e6a0000 - 0x5ec4a000 	C:\Xilinx\Vivado\Vivado\2014.2\tps\win32\jre\bin\server\jvm.dll
0x759d0000 - 0x75a02000 	C:\Windows\system32\WINMM.dll
0x77590000 - 0x77595000 	C:\Windows\system32\PSAPI.DLL
0x61e30000 - 0x61eef000 	C:\Windows\system32\MSVCR100.dll
0x6d670000 - 0x6d681000 	C:\Xilinx\Vivado\Vivado\2014.2\lib\win32.o\pthreadVC2.dll
0x69b70000 - 0x69bb5000 	C:\Xilinx\Vivado\Vivado\2014.2\lib\win32.o\librdi_commonxillic.dll
0x639d0000 - 0x63abb000 	C:\Xilinx\Vivado\Vivado\2014.2\lib\win32.o\librdi_curl.dll
0x705e0000 - 0x705f4000 	C:\Xilinx\Vivado\Vivado\2014.2\lib\win32.o\librdiconfig.dll
0x5fb20000 - 0x5fc06000 	C:\Xilinx\Vivado\Vivado\2014.2\lib\win32.o\tcl85t.dll
0x12000000 - 0x121dd000 	C:\Xilinx\Vivado\Vivado\2014.2\lib\win32.o\xerces-c_3_1.dll
0x75ca0000 - 0x75d95000 	C:\Windows\system32\WININET.dll
0x75ea0000 - 0x75fdf000 	C:\Windows\system32\urlmon.dll
0x756d0000 - 0x756ff000 	C:\Windows\system32\XmlLite.dll
0x77680000 - 0x77881000 	C:\Windows\system32\iertutil.dll
0x71400000 - 0x71458000 	C:\Windows\system32\WINHTTP.dll
0x713b0000 - 0x713ff000 	C:\Windows\system32\webio.dll
0x6d620000 - 0x6d63f000 	C:\Windows\system32\VCOMP110.DLL
0x70830000 - 0x7083e000 	C:\Xilinx\Vivado\Vivado\2014.2\lib\win32.o\librdi_commonmain.dll
0x6d610000 - 0x6d616000 	C:\Xilinx\Vivado\Vivado\2014.2\lib\win32.o\librdi_commonversion.dll
0x77aa0000 - 0x77abf000 	C:\Windows\system32\IMM32.DLL
0x760b0000 - 0x7617c000 	C:\Windows\system32\MSCTF.dll
0x75620000 - 0x75649000 	C:\Windows\system32\nvinit.dll
0x5e3a0000 - 0x5e69f000 	C:\Xilinx\Vivado\Vivado\2014.2\lib\win32.o\librdi_commontasks.dll
0x5df10000 - 0x5e39e000 	C:\Xilinx\Vivado\Vivado\2014.2\lib\win32.o\libXil_lmgr11FNP.dll
0x739c0000 - 0x739dc000 	C:\Windows\system32\iphlpapi.dll
0x737c0000 - 0x737c7000 	C:\Windows\system32\WINNSI.DLL
0x6eac0000 - 0x6eac9000 	C:\Windows\system32\snmpapi.dll
0x75a70000 - 0x75c0d000 	C:\Windows\system32\SETUPAPI.dll
0x75730000 - 0x75757000 	C:\Windows\system32\CFGMGR32.dll
0x75760000 - 0x75772000 	C:\Windows\system32\DEVOBJ.dll
0x71a00000 - 0x71a51000 	C:\Windows\system32\WINSPOOL.DRV
0x72b30000 - 0x72b6c000 	C:\Windows\system32\OLEACC.dll
0x75090000 - 0x750a6000 	C:\Windows\system32\CRYPTSP.dll
0x74e30000 - 0x74e6b000 	C:\Windows\system32\rsaenh.dll
0x75570000 - 0x7557c000 	C:\Windows\system32\CRYPTBASE.dll
0x74070000 - 0x740b0000 	C:\Windows\system32\uxtheme.dll
0x73c50000 - 0x73c60000 	C:\Windows\system32\NLAapi.dll
0x68d10000 - 0x68d20000 	C:\Windows\system32\napinsp.dll
0x68cd0000 - 0x68ce2000 	C:\Windows\system32\pnrpnsp.dll
0x75050000 - 0x7508c000 	C:\Windows\System32\mswsock.dll
0x74f10000 - 0x74f54000 	C:\Windows\system32\DNSAPI.dll
0x68cc0000 - 0x68cc8000 	C:\Windows\System32\winrnr.dll
0x68c80000 - 0x68c8d000 	C:\Windows\system32\wshbth.dll
0x73580000 - 0x735b8000 	C:\Windows\System32\fwpuclnt.dll
0x75c10000 - 0x75c93000 	C:\Windows\system32\CLBCatQ.DLL
0x6ec80000 - 0x6ec86000 	C:\Windows\system32\rasadhlp.dll
0x75040000 - 0x75046000 	C:\Windows\System32\wship6.dll
0x71520000 - 0x71526000 	C:\Windows\System32\wshqos.dll
0x748e0000 - 0x748e5000 	C:\Windows\system32\wshtcpip.DLL
0x75610000 - 0x7561e000 	C:\Windows\system32\RpcRtRemote.dll
0x69d00000 - 0x69d03000 	C:\Windows\system32\icmp.Dll
0x5db00000 - 0x5df07000 	C:\Xilinx\Vivado\Vivado\2014.2\lib\win32.o\librdi_coretasks.dll
0x5d990000 - 0x5daf5000 	C:\Xilinx\Vivado\Vivado\2014.2\lib\win32.o\librdi_chipscope.dll
0x69ca0000 - 0x69cf2000 	C:\Xilinx\Vivado\Vivado\2014.2\lib\win32.o\liblmx6.0.dll
0x5ced0000 - 0x5d98b000 	C:\Xilinx\Vivado\Vivado\2014.2\lib\win32.o\librdi_constraints.dll
0x5b110000 - 0x5cec2000 	C:\Xilinx\Vivado\Vivado\2014.2\lib\win32.o\librdi_device.dll
0x67af0000 - 0x67b5f000 	C:\Xilinx\Vivado\Vivado\2014.2\lib\win32.o\libboost_serialization.dll
0x5aaf0000 - 0x5b106000 	C:\Xilinx\Vivado\Vivado\2014.2\lib\win32.o\libverific.dll
0x5a8e0000 - 0x5aae9000 	C:\Xilinx\Vivado\Vivado\2014.2\lib\win32.o\librdi_filemgmt.dll
0x5a600000 - 0x5a8de000 	C:\Xilinx\Vivado\Vivado\2014.2\lib\win32.o\librdi_netlist.dll
0x5a240000 - 0x5a5f4000 	C:\Xilinx\Vivado\Vivado\2014.2\lib\win32.o\librdi_psta.dll
0x594b0000 - 0x5a232000 	C:\Xilinx\Vivado\Vivado\2014.2\lib\win32.o\librdi_coregen.dll
0x58ee0000 - 0x594a9000 	C:\Xilinx\Vivado\Vivado\2014.2\lib\win32.o\librdi_coregenipxact.dll
0x55cd0000 - 0x58edc000 	C:\Xilinx\Vivado\Vivado\2014.2\lib\win32.o\librdi_designutils.dll
0x55b30000 - 0x55cc1000 	C:\Xilinx\Vivado\Vivado\2014.2\lib\win32.o\librdi_bitstream.dll
0x55620000 - 0x55b26000 	C:\Xilinx\Vivado\Vivado\2014.2\lib\win32.o\librdi_xdm.dll
0x55330000 - 0x55611000 	C:\Xilinx\Vivado\Vivado\2014.2\lib\win32.o\librdi_drc.dll
0x54d80000 - 0x5532c000 	C:\Xilinx\Vivado\Vivado\2014.2\lib\win32.o\librdi_timing.dll
0x54be0000 - 0x54d7e000 	C:\Xilinx\Vivado\Vivado\2014.2\lib\win32.o\librdi_dlyest.dll
0x54b60000 - 0x54bd9000 	C:\Xilinx\Vivado\Vivado\2014.2\lib\win32.o\libise.dll
0x53be0000 - 0x54b60000 	C:\Xilinx\Vivado\Vivado\2014.2\lib\win32.o\librdi_place.dll
0x53740000 - 0x53bd5000 	C:\Xilinx\Vivado\Vivado\2014.2\lib\win32.o\librdi_abc_nomp.dll
0x69c00000 - 0x69c14000 	C:\Xilinx\Vivado\Vivado\2014.2\lib\win32.o\librdi_hmetis.dll
0x533f0000 - 0x53731000 	C:\Xilinx\Vivado\Vivado\2014.2\lib\win32.o\librdi_power.dll
0x52da0000 - 0x533eb000 	C:\Xilinx\Vivado\Vivado\2014.2\lib\win32.o\librdi_route.dll
0x52a90000 - 0x52d97000 	C:\Xilinx\Vivado\Vivado\2014.2\lib\win32.o\librdi_project.dll
0x65360000 - 0x653a4000 	C:\Xilinx\Vivado\Vivado\2014.2\lib\win32.o\librdi_board.dll
0x526f0000 - 0x52a8d000 	C:\Xilinx\Vivado\Vivado\2014.2\lib\win32.o\librdi_labtools.dll

VM Arguments:
jvm_args: -Dsun.java2d.pmoffscreen=false -Xverify:none -Dswing.aatext=true -XX:-UsePerfData -Djdk.map.althashing.threshold=512 -XX:StringTableSize=4072 -Djava.util.Arrays.useLegacyMergeSort=true -Xms128m -Xmx256m -Xss3m 
java_command: <unknown>
Launcher Type: generic

Environment Variables:
PATH=C:/Xilinx/Vivado/Vivado/2014.2/bin;C:/Xilinx/Vivado/Vivado/2014.2/lib/win32.o;C:/Xilinx/Vivado/Vivado/2014.2/tps/win32/jre/bin/server;C:/Xilinx/Vivado/Vivado/2014.2/tps/win32/jre/bin;C:/Xilinx/Vivado/SDK/2014.2/bin;C:/Xilinx/Vivado/Vivado/2014.2/ids_lite/ISE/bin/nt;C:/Xilinx/Vivado/Vivado/2014.2/ids_lite/ISE/lib/nt;C:\Program Files\NVIDIA Corporation\PhysX\Common;C:\Windows\system32;C:\Windows;C:\Windows\System32\Wbem;C:\Windows\System32\WindowsPowerShell\v1.0\;C:\Program Files\EgisTec BioExcess\;C:\Program Files\Intel\OpenCL SDK\2.0\bin\x86;.;;.;
USERNAME=lenovon
OS=Windows_NT
PROCESSOR_IDENTIFIER=x86 Family 6 Model 42 Stepping 7, GenuineIntel



---------------  S Y S T E M  ---------------

OS: Windows 7 Build 7601 Service Pack 1

CPU:total 4 (2 cores per cpu, 2 threads per core) family 6 model 42 stepping 7, cmov, cx8, fxsr, mmx, sse, sse2, sse3, ssse3, sse4.1, sse4.2, popcnt, avx, ht, tsc, tscinvbit

Memory: 4k page, physical 2003088k(1030772k free), swap 4006176k(2407720k free)

vm_info: Java HotSpot(TM) Server VM (24.0-b56) for windows-x86 JRE (1.7.0_40-b43), built on Aug 26 2013 22:30:36 by "java_re" with unknown MS VC++:1600

time: Fri Oct 17 20:47:15 2014
elapsed time: 2032 seconds

