#
# A fatal error has been detected by the Java Runtime Environment:
#
#  EXCEPTION_ACCESS_VIOLATION (0xc0000005) at pc=0x62a4d940, pid=4488, tid=2784
#
# JRE version: Java(TM) SE Runtime Environment (7.0_40-b43) (build 1.7.0_40-b43)
# Java VM: Java HotSpot(TM) Server VM (24.0-b56 mixed mode windows-x86 )
# Problematic frame:
# C  0x62a4d940
#
# Failed to write core dump. Minidumps are not enabled by default on client versions of Windows
#
# If you would like to submit a bug report, please visit:
#   http://bugreport.sun.com/bugreport/crash.jsp
# The crash happened outside the Java Virtual Machine in native code.
# See problematic frame for where to report the bug.
#

---------------  T H R E A D  ---------------

Current thread (0x0dbde400):  JavaThread "AWT-EventQueue-1" [_thread_in_native, id=2784, stack(0x0f730000,0x0fa30000)]

siginfo: ExceptionCode=0xc0000005, reading address 0x727020a6

Registers:
EAX=0x0dbde500, EBX=0x143129f8, ECX=0x72702064, EDX=0x1431f108
ESP=0x0fa2dd54, EBP=0x0fa2ddd8, ESI=0x143129f8, EDI=0x0dbde400
EIP=0x62a4d940, EFLAGS=0x00010206

Top of Stack: (sp=0x0fa2dd54)
0x0fa2dd54:   5520c9b3 39a3c51f 0dbde400 143129f8
0x0fa2dd64:   143129f8 143c0918 00000000 14336d00
0x0fa2dd74:   00000000 0dbde530 20f9b380 183c3da0
0x0fa2dd84:   171ddd90 0000003b 143376e1 0fa2ddb0
0x0fa2dd94:   143c0918 0fa2ddd4 05c935fb 00000000
0x0fa2dda4:   0fa2ddb0 05c935fb 183c3da0 00000001
0x0fa2ddb4:   0fa2ddb4 1372b082 0fa2ddf0 1372e5f8
0x0fa2ddc4:   39a3c51f 0fa2dd58 0fa2eaf0 552ac988 

Instructions: (pc=0x62a4d940)
0x62a4d920:   76 10 e8 69 08 01 00 83 c4 04 c7 46 24 0f 00 00
0x62a4d930:   00 c7 46 20 00 00 00 00 c6 46 10 00 5e c3 cc cc
0x62a4d940:   8a 41 42 c3 cc cc cc cc cc cc cc cc cc cc cc cc
0x62a4d950:   b8 60 b4 a6 62 c3 cc cc cc cc cc cc cc cc cc cc 


Register to memory mapping:

EAX=0x0dbde500 is an unknown value
EBX=0x143129f8 is an oop
{method} 
 - klass: {other class}
ECX=0x72702064 is an unknown value
EDX=0x1431f108 is an oop
{constant pool cache} 
 - klass: {other class}
                 -------------
  0  (0x1431f118)  [00|00|    3]
                 [   0x00000000]
                 [   0x00000000]
                 [   0x00000000]
                 -------------
ESP=0x0fa2dd54 is pointing into the stack for thread: 0x0dbde400
EBP=0x0fa2ddd8 is pointing into the stack for thread: 0x0dbde400
ESI=0x143129f8 is an oop
{method} 
 - klass: {other class}
EDI=0x0dbde400 is a thread


Stack: [0x0f730000,0x0fa30000],  sp=0x0fa2dd54,  free space=3063k
Native frames: (J=compiled Java code, j=interpreted, Vv=VM code, C=native code)
C  0x62a4d940
j  ui.data.labtools.lthwdatai.HWDevice_isXicomCfgMemSupported(J)Z+0
j  ui.data.labtools.a.aWn()Z+4
j  ui.views.b.l.c.a.aV()Z+36
j  ui.views.b.l.c.d.l(Lui/views/G/e;)Z+1
j  ui.views.G.n.j(Lui/views/G/Z;)Z+39
j  ui.views.G.j.getTreeCellRendererComponent(Ljavax/swing/JTree;Ljava/lang/Object;ZZZIZ)Ljava/awt/Component;+245
j  org.jdesktop.swingx.JXTree$DelegatingRenderer.getTreeCellRendererComponent(Ljavax/swing/JTree;Ljava/lang/Object;ZZZIZ)Ljava/awt/Component;+15
j  javax.swing.plaf.basic.BasicTreeUI$NodeDimensionsHandler.getNodeDimensions(Ljava/lang/Object;IIZLjava/awt/Rectangle;)Ljava/awt/Rectangle;+185
j  javax.swing.tree.AbstractLayoutCache.getNodeDimensions(Ljava/lang/Object;IIZLjava/awt/Rectangle;)Ljava/awt/Rectangle;+20
j  javax.swing.tree.VariableHeightLayoutCache$TreeStateNode.updatePreferredSize(I)V+24
j  javax.swing.tree.VariableHeightLayoutCache$TreeStateNode.expand(Z)V+185
j  javax.swing.tree.VariableHeightLayoutCache$TreeStateNode.expand()V+2
j  javax.swing.tree.VariableHeightLayoutCache.ensurePathIsExpanded(Ljavax/swing/tree/TreePath;Z)V+52
j  javax.swing.tree.VariableHeightLayoutCache.setExpandedState(Ljavax/swing/tree/TreePath;Z)V+11
j  javax.swing.plaf.basic.BasicTreeUI.updateExpandedDescendants(Ljavax/swing/tree/TreePath;)V+17
j  javax.swing.plaf.basic.BasicTreeUI$Handler.treeExpanded(Ljavax/swing/event/TreeExpansionEvent;)V+24
j  javax.swing.JTree.fireTreeExpanded(Ljavax/swing/tree/TreePath;)V+32
j  javax.swing.JTree.setExpandedState(Ljavax/swing/tree/TreePath;Z)V+401
j  javax.swing.JTree.expandPath(Ljavax/swing/tree/TreePath;)V+29
j  ui.g.i.w.X.G(Ljava/util/List;)V+65
j  ui.g.i.w.X.clg()V+17
j  ui.views.G.u.update()V+18
j  ui.views.G.G.update()V+4
j  ui.views.G.Z.eMF()V+11
j  ui.aY.bX()V+8
j  ui.aY.O()V+15
j  ui.g.G.dwv()V+31
j  ui.b.b.P.aW(II)V+541
j  ui.b.b.P.XJ()V+3
j  ui.b.b.bF.XJ()V+1
j  ui.b.b.an.XJ()V+27
j  ui.views.G.a.p(Lui/views/G/e;)V+100
j  ui.views.G.bj.actionPerformed(Ljava/awt/event/ActionEvent;)V+169
j  javax.swing.AbstractButton.fireActionPerformed(Ljava/awt/event/ActionEvent;)V+84
j  ui.g.i.b.k.fireActionPerformed(Ljava/awt/event/ActionEvent;)V+7
j  javax.swing.AbstractButton$Handler.actionPerformed(Ljava/awt/event/ActionEvent;)V+5
j  javax.swing.DefaultButtonModel.fireActionPerformed(Ljava/awt/event/ActionEvent;)V+35
j  javax.swing.DefaultButtonModel.setPressed(Z)V+117
j  javax.swing.plaf.basic.BasicButtonListener.mouseReleased(Ljava/awt/event/MouseEvent;)V+35
j  com.jidesoft.plaf.basic.BasicJideButtonListener.mouseReleased(Ljava/awt/event/MouseEvent;)V+61
j  java.awt.AWTEventMulticaster.mouseReleased(Ljava/awt/event/MouseEvent;)V+8
j  java.awt.AWTEventMulticaster.mouseReleased(Ljava/awt/event/MouseEvent;)V+8
j  java.awt.Component.processMouseEvent(Ljava/awt/event/MouseEvent;)V+64
j  javax.swing.JComponent.processMouseEvent(Ljava/awt/event/MouseEvent;)V+23
j  java.awt.Component.processEvent(Ljava/awt/AWTEvent;)V+81
j  java.awt.Container.processEvent(Ljava/awt/AWTEvent;)V+18
j  java.awt.Component.dispatchEventImpl(Ljava/awt/AWTEvent;)V+581

Java frames: (J=compiled Java code, j=interpreted, Vv=VM code)
j  ui.data.labtools.lthwdatai.HWDevice_isXicomCfgMemSupported(J)Z+0
j  ui.data.labtools.a.aWn()Z+4
j  ui.views.b.l.c.a.aV()Z+36
j  ui.views.b.l.c.d.l(Lui/views/G/e;)Z+1
j  ui.views.G.n.j(Lui/views/G/Z;)Z+39
j  ui.views.G.j.getTreeCellRendererComponent(Ljavax/swing/JTree;Ljava/lang/Object;ZZZIZ)Ljava/awt/Component;+245
j  org.jdesktop.swingx.JXTree$DelegatingRenderer.getTreeCellRendererComponent(Ljavax/swing/JTree;Ljava/lang/Object;ZZZIZ)Ljava/awt/Component;+15
j  javax.swing.plaf.basic.BasicTreeUI$NodeDimensionsHandler.getNodeDimensions(Ljava/lang/Object;IIZLjava/awt/Rectangle;)Ljava/awt/Rectangle;+185
j  javax.swing.tree.AbstractLayoutCache.getNodeDimensions(Ljava/lang/Object;IIZLjava/awt/Rectangle;)Ljava/awt/Rectangle;+20
j  javax.swing.tree.VariableHeightLayoutCache$TreeStateNode.updatePreferredSize(I)V+24
j  javax.swing.tree.VariableHeightLayoutCache$TreeStateNode.expand(Z)V+185
j  javax.swing.tree.VariableHeightLayoutCache$TreeStateNode.expand()V+2
j  javax.swing.tree.VariableHeightLayoutCache.ensurePathIsExpanded(Ljavax/swing/tree/TreePath;Z)V+52
j  javax.swing.tree.VariableHeightLayoutCache.setExpandedState(Ljavax/swing/tree/TreePath;Z)V+11
j  javax.swing.plaf.basic.BasicTreeUI.updateExpandedDescendants(Ljavax/swing/tree/TreePath;)V+17
j  javax.swing.plaf.basic.BasicTreeUI$Handler.treeExpanded(Ljavax/swing/event/TreeExpansionEvent;)V+24
j  javax.swing.JTree.fireTreeExpanded(Ljavax/swing/tree/TreePath;)V+32
j  javax.swing.JTree.setExpandedState(Ljavax/swing/tree/TreePath;Z)V+401
j  javax.swing.JTree.expandPath(Ljavax/swing/tree/TreePath;)V+29
j  ui.g.i.w.X.G(Ljava/util/List;)V+65
j  ui.g.i.w.X.clg()V+17
j  ui.views.G.u.update()V+18
j  ui.views.G.G.update()V+4
j  ui.views.G.Z.eMF()V+11
j  ui.aY.bX()V+8
j  ui.aY.O()V+15
j  ui.g.G.dwv()V+31
j  ui.b.b.P.aW(II)V+541
j  ui.b.b.P.XJ()V+3
j  ui.b.b.bF.XJ()V+1
j  ui.b.b.an.XJ()V+27
j  ui.views.G.a.p(Lui/views/G/e;)V+100
j  ui.views.G.bj.actionPerformed(Ljava/awt/event/ActionEvent;)V+169
j  javax.swing.AbstractButton.fireActionPerformed(Ljava/awt/event/ActionEvent;)V+84
j  ui.g.i.b.k.fireActionPerformed(Ljava/awt/event/ActionEvent;)V+7
j  javax.swing.AbstractButton$Handler.actionPerformed(Ljava/awt/event/ActionEvent;)V+5
j  javax.swing.DefaultButtonModel.fireActionPerformed(Ljava/awt/event/ActionEvent;)V+35
j  javax.swing.DefaultButtonModel.setPressed(Z)V+117
j  javax.swing.plaf.basic.BasicButtonListener.mouseReleased(Ljava/awt/event/MouseEvent;)V+35
j  com.jidesoft.plaf.basic.BasicJideButtonListener.mouseReleased(Ljava/awt/event/MouseEvent;)V+61
j  java.awt.AWTEventMulticaster.mouseReleased(Ljava/awt/event/MouseEvent;)V+8
j  java.awt.AWTEventMulticaster.mouseReleased(Ljava/awt/event/MouseEvent;)V+8
j  java.awt.Component.processMouseEvent(Ljava/awt/event/MouseEvent;)V+64
j  javax.swing.JComponent.processMouseEvent(Ljava/awt/event/MouseEvent;)V+23
j  java.awt.Component.processEvent(Ljava/awt/AWTEvent;)V+81
j  java.awt.Container.processEvent(Ljava/awt/AWTEvent;)V+18
j  java.awt.Component.dispatchEventImpl(Ljava/awt/AWTEvent;)V+581
J  java.awt.Container.dispatchEventImpl(Ljava/awt/AWTEvent;)V
J  java.awt.LightweightDispatcher.retargetMouseEvent(Ljava/awt/Component;ILjava/awt/event/MouseEvent;)V
j  java.awt.LightweightDispatcher.processMouseEvent(Ljava/awt/event/MouseEvent;)Z+139
J  java.awt.Container.dispatchEventImpl(Ljava/awt/AWTEvent;)V
j  java.awt.Window.dispatchEventImpl(Ljava/awt/AWTEvent;)V+19
J  java.awt.EventQueue$3.run()Ljava/lang/Void;
j  java.awt.EventQueue$3.run()Ljava/lang/Object;+1
v  ~StubRoutines::call_stub
J  java.security.AccessController.doPrivileged(Ljava/security/PrivilegedAction;Ljava/security/AccessControlContext;)Ljava/lang/Object;
J  java.security.ProtectionDomain$1.doIntersectionPrivilege(Ljava/security/PrivilegedAction;Ljava/security/AccessControlContext;Ljava/security/AccessControlContext;)Ljava/lang/Object;
j  java.security.ProtectionDomain$1.doIntersectionPrivilege(Ljava/security/PrivilegedAction;Ljava/security/AccessControlContext;)Ljava/lang/Object;+6
j  java.awt.EventQueue$4.run()Ljava/lang/Void;+11
j  java.awt.EventQueue$4.run()Ljava/lang/Object;+1
v  ~StubRoutines::call_stub
J  java.security.AccessController.doPrivileged(Ljava/security/PrivilegedAction;Ljava/security/AccessControlContext;)Ljava/lang/Object;
J  java.awt.EventQueue.dispatchEvent(Ljava/awt/AWTEvent;)V
J  java.awt.EventDispatchThread.pumpOneEventForFilters(I)V
J  java.awt.EventDispatchThread.pumpEventsForFilter(ILjava/awt/Conditional;Ljava/awt/EventFilter;)V
j  java.awt.EventDispatchThread.pumpEventsForHierarchy(ILjava/awt/Conditional;Ljava/awt/Component;)V+11
j  java.awt.EventDispatchThread.pumpEvents(ILjava/awt/Conditional;)V+4
j  java.awt.EventDispatchThread.pumpEvents(Ljava/awt/Conditional;)V+3
j  java.awt.EventDispatchThread.run()V+9
v  ~StubRoutines::call_stub

---------------  P R O C E S S  ---------------

Java Threads: ( => current thread )
  0x11e4f000 JavaThread "Image Fetcher 0" daemon [_thread_blocked, id=2888, stack(0x48c40000,0x48f40000)]
  0x0fac9400 JavaThread "Refresh links" [_thread_blocked, id=5584, stack(0x2c850000,0x2cb50000)]
  0x0e91f800 JavaThread "Refresh GTs" [_thread_blocked, id=5772, stack(0x2c480000,0x2c780000)]
  0x28aecc00 JavaThread "Monitor File Timestamp" [_thread_blocked, id=6088, stack(0x2ba10000,0x2bd10000)]
  0x28b07c00 JavaThread "Monitor File Timestamp" [_thread_blocked, id=4452, stack(0x293b0000,0x296b0000)]
  0x0e82ec00 JavaThread "Monitor File Timestamp" [_thread_blocked, id=4476, stack(0x28b30000,0x28e30000)]
  0x0de6f800 JavaThread "Monitor File Timestamp" [_thread_blocked, id=2284, stack(0x285b0000,0x288b0000)]
  0x0f1c2800 JavaThread "hw_ila_monitor" [_thread_blocked, id=3472, stack(0x28210000,0x28510000)]
  0x11d6fc00 JavaThread "Update Runs" [_thread_blocked, id=3468, stack(0x27f10000,0x28210000)]
  0x11d5ec00 JavaThread "Refresh Filesets" [_thread_blocked, id=2416, stack(0x27a50000,0x27d50000)]
  0x0d1d1400 JavaThread "Swing-Shell" daemon [_thread_blocked, id=3840, stack(0x262d0000,0x265d0000)]
  0x0dc99400 JavaThread "Monitor File Timestamp" [_thread_blocked, id=4304, stack(0x11700000,0x11a00000)]
=>0x0dbde400 JavaThread "AWT-EventQueue-1" [_thread_in_native, id=2784, stack(0x0f730000,0x0fa30000)]
  0x0dbd4c00 JavaThread "Process Messages" [_thread_blocked, id=3180, stack(0x0f250000,0x0f550000)]
  0x05a76c00 JavaThread "Thread-3" [_thread_in_native, id=6024, stack(0x01dc0000,0x031c0000)]
  0x0d2b0400 JavaThread "AWT-EventQueue-0" [_thread_blocked, id=2232, stack(0x0edc0000,0x0f0c0000)]
  0x0d2be800 JavaThread "AWT-Windows" daemon [_thread_in_native, id=2316, stack(0x0e930000,0x0ec30000)]
  0x0d820400 JavaThread "AWT-Shutdown" [_thread_blocked, id=1300, stack(0x0e480000,0x0e780000)]
  0x0d820c00 JavaThread "Java2D Disposer" daemon [_thread_blocked, id=2440, stack(0x0e050000,0x0e350000)]
  0x0d29e800 JavaThread "TimerQueue" daemon [_thread_blocked, id=4056, stack(0x0d3e0000,0x0d6e0000)]
  0x05b80400 JavaThread "Service Thread" daemon [_thread_blocked, id=6136, stack(0x0b660000,0x0b960000)]
  0x0a030800 JavaThread "C2 CompilerThread1" daemon [_thread_blocked, id=3148, stack(0x0b090000,0x0b190000)]
  0x0a031c00 JavaThread "C2 CompilerThread0" daemon [_thread_blocked, id=3196, stack(0x0a7c0000,0x0a8c0000)]
  0x0a033400 JavaThread "Attach Listener" daemon [_thread_blocked, id=4240, stack(0x0b190000,0x0b490000)]
  0x0a034c00 JavaThread "Signal Dispatcher" daemon [_thread_blocked, id=4228, stack(0x0ad60000,0x0b060000)]
  0x09ef4800 JavaThread "Finalizer" daemon [_thread_blocked, id=6016, stack(0x0a970000,0x0ac70000)]
  0x09ef6c00 JavaThread "Reference Handler" daemon [_thread_blocked, id=4144, stack(0x0a3d0000,0x0a6d0000)]
  0x03a9a400 JavaThread "main" [_thread_blocked, id=5960, stack(0x05b90000,0x05c90000)]

Other Threads:
  0x09ef7c00 VMThread [stack: 0x0a1f0000,0x0a2f0000] [id=5696]
  0x08f83000 WatcherThread [stack: 0x0ba70000,0x0bb70000] [id=4248]

VM state:not at safepoint (normal execution)

VM Mutex/Monitor currently owned by a thread: None

Heap
 PSYoungGen      total 62976K, used 4341K [0x20c80000, 0x25c00000, 0x26200000)
  eden space 61952K, 5% used [0x20c80000,0x20fe93e0,0x24900000)
  from space 1024K, 82% used [0x24b00000,0x24bd4300,0x24c00000)
  to   space 9728K, 0% used [0x25280000,0x25280000,0x25c00000)
 ParOldGen       total 87552K, used 74487K [0x16200000, 0x1b780000, 0x20c80000)
  object space 87552K, 85% used [0x16200000,0x1aabdd98,0x1b780000)
 PSPermGen       total 65536K, used 41587K [0x12200000, 0x16200000, 0x16200000)
  object space 65536K, 63% used [0x12200000,0x14a9cc00,0x16200000)

Card table byte_map: [0x053a0000,0x05450000] byte_map_base: 0x0530f000

Polling page: 0x00990000

Code Cache  [0x05c90000, 0x06320000, 0x08c90000)
 total_blobs=2850 nmethods=2470 adapters=331 free_code_cache=42603Kb largest_free_block=43475840

Compilation events (10 events):
Event: 612.892 Thread 0x0a030800 2774             com.jidesoft.icons.MaskFilter::filterRGB (35 bytes)
Event: 612.894 Thread 0x0a030800 nmethod 2774 0x05ecb5c8 code [0x05ecb6c0, 0x05ecb750]
Event: 613.406 Thread 0x0a031c00 2775   !         java.awt.EventQueue::setCurrentEventAndMostRecentTimeImpl (169 bytes)
Event: 613.438 Thread 0x0a031c00 nmethod 2775 0x0614a608 code [0x0614a780, 0x0614ad44]
Event: 614.511 Thread 0x0a030800 2776             javax.swing.JComponent::getTopLevelAncestor (32 bytes)
Event: 614.515 Thread 0x0a030800 nmethod 2776 0x061ab288 code [0x061ab380, 0x061ab430]
Event: 617.900 Thread 0x0a031c00 2777             java.awt.Component::getToolkit (5 bytes)
Event: 617.902 Thread 0x0a031c00 nmethod 2777 0x05fb3ac8 code [0x05fb3bc0, 0x05fb3c1c]
Event: 619.976 Thread 0x0a030800 2778   !         sun.java2d.SunGraphics2D::fillRect (74 bytes)
Event: 619.981 Thread 0x0a030800 nmethod 2778 0x0623a7c8 code [0x0623a900, 0x0623aa70]

GC Heap History (10 events):
Event: 579.315 GC heap before
{Heap before GC invocations=46 (full 4):
 PSYoungGen      total 72192K, used 17002K [0x20c80000, 0x26180000, 0x26200000)
  eden space 61440K, 18% used [0x20c80000,0x217dabf8,0x24880000)
  from space 10752K, 49% used [0x24880000,0x24dbfd68,0x25300000)
  to   space 10496K, 0% used [0x25740000,0x25740000,0x26180000)
 ParOldGen       total 87552K, used 70405K [0x16200000, 0x1b780000, 0x20c80000)
  object space 87552K, 80% used [0x16200000,0x1a6c14e0,0x1b780000)
 PSPermGen       total 65536K, used 41531K [0x12200000, 0x16200000, 0x16200000)
  object space 65536K, 63% used [0x12200000,0x14a8eea8,0x16200000)
Event: 579.326 GC heap after
Heap after GC invocations=46 (full 4):
 PSYoungGen      total 76544K, used 302K [0x20c80000, 0x26180000, 0x26200000)
  eden space 66048K, 0% used [0x20c80000,0x20c80000,0x24d00000)
  from space 10496K, 2% used [0x25740000,0x2578b990,0x26180000)
  to   space 10496K, 0% used [0x24d00000,0x24d00000,0x25740000)
 ParOldGen       total 87552K, used 75022K [0x16200000, 0x1b780000, 0x20c80000)
  object space 87552K, 85% used [0x16200000,0x1ab43810,0x1b780000)
 PSPermGen       total 65536K, used 41531K [0x12200000, 0x16200000, 0x16200000)
  object space 65536K, 63% used [0x12200000,0x14a8eea8,0x16200000)
}
Event: 579.326 GC heap before
{Heap before GC invocations=47 (full 5):
 PSYoungGen      total 76544K, used 302K [0x20c80000, 0x26180000, 0x26200000)
  eden space 66048K, 0% used [0x20c80000,0x20c80000,0x24d00000)
  from space 10496K, 2% used [0x25740000,0x2578b990,0x26180000)
  to   space 10496K, 0% used [0x24d00000,0x24d00000,0x25740000)
 ParOldGen       total 87552K, used 75022K [0x16200000, 0x1b780000, 0x20c80000)
  object space 87552K, 85% used [0x16200000,0x1ab43810,0x1b780000)
 PSPermGen       total 65536K, used 41531K [0x12200000, 0x16200000, 0x16200000)
  object space 65536K, 63% used [0x12200000,0x14a8eea8,0x16200000)
Event: 580.059 GC heap after
Heap after GC invocations=47 (full 5):
 PSYoungGen      total 76544K, used 0K [0x20c80000, 0x26180000, 0x26200000)
  eden space 66048K, 0% used [0x20c80000,0x20c80000,0x24d00000)
  from space 10496K, 0% used [0x25740000,0x25740000,0x26180000)
  to   space 10496K, 0% used [0x24d00000,0x24d00000,0x25740000)
 ParOldGen       total 87552K, used 71923K [0x16200000, 0x1b780000, 0x20c80000)
  object space 87552K, 82% used [0x16200000,0x1a83cca0,0x1b780000)
 PSPermGen       total 65536K, used 41525K [0x12200000, 0x16200000, 0x16200000)
  object space 65536K, 63% used [0x12200000,0x14a8d7a0,0x16200000)
}
Event: 584.253 GC heap before
{Heap before GC invocations=48 (full 5):
 PSYoungGen      total 76544K, used 66048K [0x20c80000, 0x26180000, 0x26200000)
  eden space 66048K, 100% used [0x20c80000,0x24d00000,0x24d00000)
  from space 10496K, 0% used [0x25740000,0x25740000,0x26180000)
  to   space 10496K, 0% used [0x24d00000,0x24d00000,0x25740000)
 ParOldGen       total 87552K, used 71923K [0x16200000, 0x1b780000, 0x20c80000)
  object space 87552K, 82% used [0x16200000,0x1a83cca0,0x1b780000)
 PSPermGen       total 65536K, used 41549K [0x12200000, 0x16200000, 0x16200000)
  object space 65536K, 63% used [0x12200000,0x14a93760,0x16200000)
Event: 584.260 GC heap after
Heap after GC invocations=48 (full 5):
 PSYoungGen      total 76544K, used 1808K [0x20c80000, 0x26180000, 0x26200000)
  eden space 66048K, 0% used [0x20c80000,0x20c80000,0x24d00000)
  from space 10496K, 17% used [0x24d00000,0x24ec4180,0x25740000)
  to   space 10240K, 0% used [0x25780000,0x25780000,0x26180000)
 ParOldGen       total 87552K, used 71923K [0x16200000, 0x1b780000, 0x20c80000)
  object space 87552K, 82% used [0x16200000,0x1a83cca0,0x1b780000)
 PSPermGen       total 65536K, used 41549K [0x12200000, 0x16200000, 0x16200000)
  object space 65536K, 63% used [0x12200000,0x14a93760,0x16200000)
}
Event: 599.478 GC heap before
{Heap before GC invocations=49 (full 5):
 PSYoungGen      total 76544K, used 67856K [0x20c80000, 0x26180000, 0x26200000)
  eden space 66048K, 100% used [0x20c80000,0x24d00000,0x24d00000)
  from space 10496K, 17% used [0x24d00000,0x24ec4180,0x25740000)
  to   space 10240K, 0% used [0x25780000,0x25780000,0x26180000)
 ParOldGen       total 87552K, used 71923K [0x16200000, 0x1b780000, 0x20c80000)
  object space 87552K, 82% used [0x16200000,0x1a83cca0,0x1b780000)
 PSPermGen       total 65536K, used 41572K [0x12200000, 0x16200000, 0x16200000)
  object space 65536K, 63% used [0x12200000,0x14a99278,0x16200000)
Event: 599.488 GC heap after
Heap after GC invocations=49 (full 5):
 PSYoungGen      total 70656K, used 1748K [0x20c80000, 0x25e00000, 0x26200000)
  eden space 64000K, 0% used [0x20c80000,0x20c80000,0x24b00000)
  from space 6656K, 26% used [0x25780000,0x25935328,0x25e00000)
  to   space 9728K, 0% used [0x24b00000,0x24b00000,0x25480000)
 ParOldGen       total 87552K, used 73424K [0x16200000, 0x1b780000, 0x20c80000)
  object space 87552K, 83% used [0x16200000,0x1a9b4140,0x1b780000)
 PSPermGen       total 65536K, used 41572K [0x12200000, 0x16200000, 0x16200000)
  object space 65536K, 63% used [0x12200000,0x14a99278,0x16200000)
}
Event: 619.265 GC heap before
{Heap before GC invocations=50 (full 5):
 PSYoungGen      total 70656K, used 65748K [0x20c80000, 0x25e00000, 0x26200000)
  eden space 64000K, 100% used [0x20c80000,0x24b00000,0x24b00000)
  from space 6656K, 26% used [0x25780000,0x25935328,0x25e00000)
  to   space 9728K, 0% used [0x24b00000,0x24b00000,0x25480000)
 ParOldGen       total 87552K, used 73424K [0x16200000, 0x1b780000, 0x20c80000)
  object space 87552K, 83% used [0x16200000,0x1a9b4140,0x1b780000)
 PSPermGen       total 65536K, used 41586K [0x12200000, 0x16200000, 0x16200000)
  object space 65536K, 63% used [0x12200000,0x14a9cbf0,0x16200000)
Event: 619.271 GC heap after
Heap after GC invocations=50 (full 5):
 PSYoungGen      total 62976K, used 848K [0x20c80000, 0x25c00000, 0x26200000)
  eden space 61952K, 0% used [0x20c80000,0x20c80000,0x24900000)
  from space 1024K, 82% used [0x24b00000,0x24bd4300,0x24c00000)
  to   space 9728K, 0% used [0x25280000,0x25280000,0x25c00000)
 ParOldGen       total 87552K, used 74487K [0x16200000, 0x1b780000, 0x20c80000)
  object space 87552K, 85% used [0x16200000,0x1aabdd98,0x1b780000)
 PSPermGen       total 65536K, used 41586K [0x12200000, 0x16200000, 0x16200000)
  object space 65536K, 63% used [0x12200000,0x14a9cbf0,0x16200000)
}

Deoptimization events (10 events):
Event: 576.156 Thread 0x0dbde400 Uncommon trap: reason=bimorphic action=maybe_recompile pc=0x05fef7c4 method=java.awt.geom.Path2D$Float.append(Ljava/awt/geom/PathIterator;Z)V @ 6
Event: 576.157 Thread 0x0dbde400 Uncommon trap: reason=unreached action=reinterpret pc=0x06110ce4 method=ui.data.i.b.b.c.c(Lui/data/i/a;II)V @ 376
Event: 576.363 Thread 0x0dbde400 Uncommon trap: reason=class_check action=maybe_recompile pc=0x05fd65c0 method=com.jidesoft.docking.DefaultDockingManager$55.eventDispatched(Ljava/awt/AWTEvent;)V @ 142
Event: 584.173 Thread 0x0dbde400 Uncommon trap: reason=class_check action=maybe_recompile pc=0x05fde774 method=sun.java2d.SunGraphics2D.validateCompClip()V @ 47
Event: 584.217 Thread 0x0dbde400 Uncommon trap: reason=class_check action=maybe_recompile pc=0x061ad944 method=ui.data.i.b.b.c.c(Lui/data/i/a;II)V @ 234
Event: 584.217 Thread 0x0dbde400 Uncommon trap: reason=bimorphic action=maybe_recompile pc=0x05fef7c4 method=java.awt.geom.Path2D$Float.append(Ljava/awt/geom/PathIterator;Z)V @ 6
Event: 586.812 Thread 0x0dbde400 Uncommon trap: reason=bimorphic action=maybe_recompile pc=0x0606e784 method=java.util.HashMap.removeEntryForKey(Ljava/lang/Object;)Ljava/util/HashMap$Entry; @ 85
Event: 586.813 Thread 0x0dbde400 Uncommon trap: reason=bimorphic action=maybe_recompile pc=0x0606e784 method=java.util.HashMap.removeEntryForKey(Ljava/lang/Object;)Ljava/util/HashMap$Entry; @ 85
Event: 586.813 Thread 0x0dbde400 Uncommon trap: reason=bimorphic action=maybe_recompile pc=0x0606e784 method=java.util.HashMap.removeEntryForKey(Ljava/lang/Object;)Ljava/util/HashMap$Entry; @ 85
Event: 587.729 Thread 0x0dbde400 Uncommon trap: reason=bimorphic action=maybe_recompile pc=0x062eadc8 method=java.awt.DefaultFocusTraversalPolicy.accept(Ljava/awt/Component;)Z @ 97

Internal exceptions (10 events):
Event: 581.682 Thread 0x0fd8d800 Threw 0x22df8010 at C:\jdk7u2_32P\jdk7u40\hotspot\src\share\vm\prims\jvm.cpp:1244
Event: 581.684 Thread 0x0fd8d800 Threw 0x22dfd530 at C:\jdk7u2_32P\jdk7u40\hotspot\src\share\vm\prims\jvm.cpp:1244
Event: 581.686 Thread 0x0fd8d800 Threw 0x22e00918 at C:\jdk7u2_32P\jdk7u40\hotspot\src\share\vm\prims\jvm.cpp:1244
Event: 586.689 Thread 0x0dbde400 Threw 0x21616540 at C:\jdk7u2_32P\jdk7u40\hotspot\src\share\vm\prims\jvm.cpp:1244
Event: 586.800 Thread 0x0dbde400 Threw 0x2169f5b0 at C:\jdk7u2_32P\jdk7u40\hotspot\src\share\vm\prims\jvm.cpp:1244
Event: 586.801 Thread 0x0dbde400 Threw 0x216a3300 at C:\jdk7u2_32P\jdk7u40\hotspot\src\share\vm\prims\jvm.cpp:1244
Event: 586.821 Thread 0x0dbde400 Threw 0x216d09c8 at C:\jdk7u2_32P\jdk7u40\hotspot\src\share\vm\prims\jvm.cpp:1244
Event: 587.355 Thread 0x0fd8d800 Threw 0x21653d80 at C:\jdk7u2_32P\jdk7u40\hotspot\src\share\vm\prims\jni.cpp:717
Event: 601.055 Thread 0x0dbde400 Threw 0x2137f0e0 at C:\jdk7u2_32P\jdk7u40\hotspot\src\share\vm\prims\jvm.cpp:1244
Event: 619.159 Thread 0x0dbde400 Threw 0x249a1140 at C:\jdk7u2_32P\jdk7u40\hotspot\src\share\vm\prims\jvm.cpp:1244

Events (10 events):
Event: 614.976 Thread 0x11e4ec00 Thread added: 0x11e4ec00
Event: 614.977 Executing VM operation: RevokeBias
Event: 614.977 Executing VM operation: RevokeBias done
Event: 614.978 Thread 0x11e4ec00 Thread exited: 0x11e4ec00
Event: 619.159 loading class 0x0fad54d0
Event: 619.159 loading class 0x0fad54d0 done
Event: 619.228 Executing VM operation: BulkRevokeBias
Event: 619.228 Executing VM operation: BulkRevokeBias done
Event: 619.265 Executing VM operation: ParallelGCFailedAllocation
Event: 619.272 Executing VM operation: ParallelGCFailedAllocation done


Dynamic libraries:
0x01100000 - 0x0113a000 	C:\Xilinx\Vivado\Vivado\2014.2\bin\unwrapped\win32.o\vivado.exe
0x77a70000 - 0x77bac000 	C:\Windows\SYSTEM32\ntdll.dll
0x777f0000 - 0x778c4000 	C:\Windows\system32\kernel32.dll
0x758b0000 - 0x758fb000 	C:\Windows\system32\KERNELBASE.dll
0x0a900000 - 0x0a953000 	C:\Xilinx\Vivado\Vivado\2014.2\lib\win32.o\SHSMP.dll
0x76120000 - 0x761e9000 	C:\Windows\system32\USER32.dll
0x75c90000 - 0x75cde000 	C:\Windows\system32\GDI32.dll
0x75c80000 - 0x75c8a000 	C:\Windows\system32\LPK.dll
0x766d0000 - 0x7676d000 	C:\Windows\system32\USP10.dll
0x77650000 - 0x776fc000 	C:\Windows\system32\msvcrt.dll
0x76080000 - 0x76120000 	C:\Windows\system32\ADVAPI32.dll
0x76430000 - 0x76449000 	C:\Windows\SYSTEM32\sechost.dll
0x76450000 - 0x764f2000 	C:\Windows\system32\RPCRT4.dll
0x74a30000 - 0x74a39000 	C:\Windows\system32\VERSION.dll
0x72c90000 - 0x72c9f000 	C:\Xilinx\Vivado\Vivado\2014.2\lib\win32.o\libboost_signals.dll
0x6a4e0000 - 0x6a565000 	C:\Windows\system32\MSVCP110.dll
0x68ff0000 - 0x690c6000 	C:\Windows\system32\MSVCR110.dll
0x61c40000 - 0x62242000 	C:\Xilinx\Vivado\Vivado\2014.2\lib\win32.o\librdi_common.dll
0x623a0000 - 0x625f3000 	C:\Xilinx\Vivado\Vivado\2014.2\lib\win32.o\libCOIN-all.dll
0x62670000 - 0x6285e000 	C:\Xilinx\Vivado\Vivado\2014.2\lib\win32.o\libXil_lmgr11.dll
0x74e40000 - 0x74e51000 	C:\Windows\system32\NETAPI32.dll
0x74e30000 - 0x74e39000 	C:\Windows\system32\netutils.dll
0x75510000 - 0x75529000 	C:\Windows\system32\srvcli.dll
0x74e20000 - 0x74e2f000 	C:\Windows\system32\wkscli.dll
0x76250000 - 0x762cb000 	C:\Windows\system32\COMDLG32.dll
0x75c00000 - 0x75c57000 	C:\Windows\system32\SHLWAPI.dll
0x71c40000 - 0x71cc4000 	C:\Windows\WinSxS\x86_microsoft.windows.common-controls_6595b64144ccf1df_5.82.7601.18201_none_ec80f00e8593ece5\COMCTL32.dll
0x76980000 - 0x775ca000 	C:\Windows\system32\SHELL32.dll
0x6f2b0000 - 0x6f2b7000 	C:\Windows\system32\WSOCK32.dll
0x75ef0000 - 0x75f25000 	C:\Windows\system32\WS2_32.dll
0x77c90000 - 0x77c96000 	C:\Windows\system32\NSI.dll
0x76500000 - 0x7658f000 	C:\Windows\system32\OLEAUT32.dll
0x762d0000 - 0x7642c000 	C:\Windows\system32\ole32.dll
0x75bd0000 - 0x75bfe000 	C:\Windows\system32\WINTRUST.dll
0x75900000 - 0x75a20000 	C:\Windows\system32\CRYPT32.dll
0x758a0000 - 0x758ac000 	C:\Windows\system32\MSASN1.dll
0x6ffc0000 - 0x6ffcd000 	C:\Xilinx\Vivado\Vivado\2014.2\lib\win32.o\libboost_date_time.dll
0x6ffa0000 - 0x6ffbc000 	C:\Xilinx\Vivado\Vivado\2014.2\lib\win32.o\libboost_filesystem.dll
0x6ff90000 - 0x6ff97000 	C:\Xilinx\Vivado\Vivado\2014.2\lib\win32.o\libboost_system.dll
0x6fe30000 - 0x6fe90000 	C:\Xilinx\Vivado\Vivado\2014.2\lib\win32.o\libboost_program_options.dll
0x6a020000 - 0x6a0ec000 	C:\Xilinx\Vivado\Vivado\2014.2\lib\win32.o\libboost_regex.dll
0x6fe10000 - 0x6fe26000 	C:\Xilinx\Vivado\Vivado\2014.2\lib\win32.o\libboost_thread.dll
0x6ff80000 - 0x6ff8a000 	C:\Xilinx\Vivado\Vivado\2014.2\lib\win32.o\libboost_chrono.dll
0x69fb0000 - 0x6a018000 	C:\Xilinx\Vivado\Vivado\2014.2\lib\win32.o\libhdlpsolve.dll
0x68f60000 - 0x68fe1000 	C:\Xilinx\Vivado\Vivado\2014.2\lib\win32.o\libhdxml.dll
0x61160000 - 0x616cb400 	C:\Xilinx\Vivado\Vivado\2014.2\lib\win32.o\libisl_iostreams.dll
0x6d770000 - 0x6d782000 	C:\Xilinx\Vivado\Vivado\2014.2\lib\win32.o\libboost_iostreams.dll
0x6d750000 - 0x6d76d000 	C:\Xilinx\Vivado\Vivado\2014.2\lib\win32.o\librdizlib.dll
0x6c220000 - 0x6c23b000 	C:\Xilinx\Vivado\Vivado\2014.2\lib\win32.o\libisl_iosutils.dll
0x6c1f0000 - 0x6c211000 	C:\Xilinx\Vivado\Vivado\2014.2\lib\win32.o\libisl_sysinfo.dll
0x60bb0000 - 0x6115a000 	C:\Xilinx\Vivado\Vivado\2014.2\tps\win32\jre\bin\server\jvm.dll
0x75b90000 - 0x75bc2000 	C:\Windows\system32\WINMM.dll
0x77bb0000 - 0x77bb5000 	C:\Windows\system32\PSAPI.DLL
0x646b0000 - 0x6476f000 	C:\Windows\system32\MSVCR100.dll
0x6c1d0000 - 0x6c1e1000 	C:\Xilinx\Vivado\Vivado\2014.2\lib\win32.o\pthreadVC2.dll
0x69ea0000 - 0x69ee5000 	C:\Xilinx\Vivado\Vivado\2014.2\lib\win32.o\librdi_commonxillic.dll
0x63080000 - 0x6316b000 	C:\Xilinx\Vivado\Vivado\2014.2\lib\win32.o\librdi_curl.dll
0x6a4c0000 - 0x6a4d4000 	C:\Xilinx\Vivado\Vivado\2014.2\lib\win32.o\librdiconfig.dll
0x645c0000 - 0x646a6000 	C:\Xilinx\Vivado\Vivado\2014.2\lib\win32.o\tcl85t.dll
0x12000000 - 0x121dd000 	C:\Xilinx\Vivado\Vivado\2014.2\lib\win32.o\xerces-c_3_1.dll
0x75f80000 - 0x76075000 	C:\Windows\system32\WININET.dll
0x75ce0000 - 0x75e1f000 	C:\Windows\system32\urlmon.dll
0x75b30000 - 0x75b5f000 	C:\Windows\system32\XmlLite.dll
0x76770000 - 0x76971000 	C:\Windows\system32\iertutil.dll
0x71550000 - 0x715a8000 	C:\Windows\system32\WINHTTP.dll
0x6fb90000 - 0x6fbdf000 	C:\Windows\system32\webio.dll
0x69cb0000 - 0x69ccf000 	C:\Windows\system32\VCOMP110.DLL
0x6c1c0000 - 0x6c1ce000 	C:\Xilinx\Vivado\Vivado\2014.2\lib\win32.o\librdi_commonmain.dll
0x6f000000 - 0x6f006000 	C:\Xilinx\Vivado\Vivado\2014.2\lib\win32.o\librdi_commonversion.dll
0x75c60000 - 0x75c7f000 	C:\Windows\system32\IMM32.DLL
0x75e20000 - 0x75eec000 	C:\Windows\system32\MSCTF.dll
0x75800000 - 0x75829000 	C:\Windows\system32\nvinit.dll
0x61940000 - 0x61c3f000 	C:\Xilinx\Vivado\Vivado\2014.2\lib\win32.o\librdi_commontasks.dll
0x60260000 - 0x606ee000 	C:\Xilinx\Vivado\Vivado\2014.2\lib\win32.o\libXil_lmgr11FNP.dll
0x73ba0000 - 0x73bbc000 	C:\Windows\system32\iphlpapi.dll
0x739a0000 - 0x739a7000 	C:\Windows\system32\WINNSI.DLL
0x6ecc0000 - 0x6ecc9000 	C:\Windows\system32\snmpapi.dll
0x778d0000 - 0x77a6d000 	C:\Windows\system32\SETUPAPI.dll
0x75a50000 - 0x75a77000 	C:\Windows\system32\CFGMGR32.dll
0x75b70000 - 0x75b82000 	C:\Windows\system32\DEVOBJ.dll
0x71be0000 - 0x71c31000 	C:\Windows\system32\WINSPOOL.DRV
0x72d10000 - 0x72d4c000 	C:\Windows\system32\OLEACC.dll
0x75270000 - 0x75286000 	C:\Windows\system32\CRYPTSP.dll
0x75010000 - 0x7504b000 	C:\Windows\system32\rsaenh.dll
0x75750000 - 0x7575c000 	C:\Windows\system32\CRYPTBASE.dll
0x74340000 - 0x74380000 	C:\Windows\system32\uxtheme.dll
0x74260000 - 0x74270000 	C:\Windows\system32\NLAapi.dll
0x69c40000 - 0x69c50000 	C:\Windows\system32\napinsp.dll
0x68d80000 - 0x68d92000 	C:\Windows\system32\pnrpnsp.dll
0x75230000 - 0x7526c000 	C:\Windows\System32\mswsock.dll
0x750f0000 - 0x75134000 	C:\Windows\system32\DNSAPI.dll
0x68dd0000 - 0x68dd8000 	C:\Windows\System32\winrnr.dll
0x68d40000 - 0x68d4d000 	C:\Windows\system32\wshbth.dll
0x73730000 - 0x73768000 	C:\Windows\System32\fwpuclnt.dll
0x77c00000 - 0x77c83000 	C:\Windows\system32\CLBCatQ.DLL
0x757f0000 - 0x757fe000 	C:\Windows\system32\RpcRtRemote.dll
0x6f010000 - 0x6f016000 	C:\Windows\system32\rasadhlp.dll
0x75220000 - 0x75226000 	C:\Windows\System32\wship6.dll
0x716b0000 - 0x716b6000 	C:\Windows\System32\wshqos.dll
0x74ac0000 - 0x74ac5000 	C:\Windows\system32\wshtcpip.DLL
0x6be90000 - 0x6be93000 	C:\Windows\system32\icmp.Dll
0x60770000 - 0x60b77000 	C:\Xilinx\Vivado\Vivado\2014.2\lib\win32.o\librdi_coretasks.dll
0x617d0000 - 0x61935000 	C:\Xilinx\Vivado\Vivado\2014.2\lib\win32.o\librdi_chipscope.dll
0x69c50000 - 0x69ca2000 	C:\Xilinx\Vivado\Vivado\2014.2\lib\win32.o\liblmx6.0.dll
0x5f7a0000 - 0x6025b000 	C:\Xilinx\Vivado\Vivado\2014.2\lib\win32.o\librdi_constraints.dll
0x5d9e0000 - 0x5f792000 	C:\Xilinx\Vivado\Vivado\2014.2\lib\win32.o\librdi_device.dll
0x64550000 - 0x645bf000 	C:\Xilinx\Vivado\Vivado\2014.2\lib\win32.o\libboost_serialization.dll
0x5d3c0000 - 0x5d9d6000 	C:\Xilinx\Vivado\Vivado\2014.2\lib\win32.o\libverific.dll
0x5d1b0000 - 0x5d3b9000 	C:\Xilinx\Vivado\Vivado\2014.2\lib\win32.o\librdi_filemgmt.dll
0x5ced0000 - 0x5d1ae000 	C:\Xilinx\Vivado\Vivado\2014.2\lib\win32.o\librdi_netlist.dll
0x5cb10000 - 0x5cec4000 	C:\Xilinx\Vivado\Vivado\2014.2\lib\win32.o\librdi_psta.dll
0x5bd80000 - 0x5cb02000 	C:\Xilinx\Vivado\Vivado\2014.2\lib\win32.o\librdi_coregen.dll
0x5b7b0000 - 0x5bd79000 	C:\Xilinx\Vivado\Vivado\2014.2\lib\win32.o\librdi_coregenipxact.dll
0x585a0000 - 0x5b7ac000 	C:\Xilinx\Vivado\Vivado\2014.2\lib\win32.o\librdi_designutils.dll
0x58400000 - 0x58591000 	C:\Xilinx\Vivado\Vivado\2014.2\lib\win32.o\librdi_bitstream.dll
0x57ef0000 - 0x583f6000 	C:\Xilinx\Vivado\Vivado\2014.2\lib\win32.o\librdi_xdm.dll
0x57c00000 - 0x57ee1000 	C:\Xilinx\Vivado\Vivado\2014.2\lib\win32.o\librdi_drc.dll
0x57650000 - 0x57bfc000 	C:\Xilinx\Vivado\Vivado\2014.2\lib\win32.o\librdi_timing.dll
0x574b0000 - 0x5764e000 	C:\Xilinx\Vivado\Vivado\2014.2\lib\win32.o\librdi_dlyest.dll
0x63000000 - 0x63079000 	C:\Xilinx\Vivado\Vivado\2014.2\lib\win32.o\libise.dll
0x56530000 - 0x574b0000 	C:\Xilinx\Vivado\Vivado\2014.2\lib\win32.o\librdi_place.dll
0x56090000 - 0x56525000 	C:\Xilinx\Vivado\Vivado\2014.2\lib\win32.o\librdi_abc_nomp.dll
0x69c20000 - 0x69c34000 	C:\Xilinx\Vivado\Vivado\2014.2\lib\win32.o\librdi_hmetis.dll
0x55d40000 - 0x56081000 	C:\Xilinx\Vivado\Vivado\2014.2\lib\win32.o\librdi_power.dll
0x556f0000 - 0x55d3b000 	C:\Xilinx\Vivado\Vivado\2014.2\lib\win32.o\librdi_route.dll
0x553e0000 - 0x556e7000 	C:\Xilinx\Vivado\Vivado\2014.2\lib\win32.o\librdi_project.dll
0x68f10000 - 0x68f54000 	C:\Xilinx\Vivado\Vivado\2014.2\lib\win32.o\librdi_board.dll
0x55040000 - 0x553dd000 	C:\Xilinx\Vivado\Vivado\2014.2\lib\win32.o\librdi_labtools.dll

VM Arguments:
jvm_args: -Dsun.java2d.pmoffscreen=false -Xverify:none -Dswing.aatext=true -XX:-UsePerfData -Djdk.map.althashing.threshold=512 -XX:StringTableSize=4072 -Djava.util.Arrays.useLegacyMergeSort=true -Xms128m -Xmx256m -Xss3m 
java_command: <unknown>
Launcher Type: generic

Environment Variables:
PATH=C:/Xilinx/Vivado/Vivado/2014.2/bin;C:/Xilinx/Vivado/Vivado/2014.2/lib/win32.o;C:/Xilinx/Vivado/Vivado/2014.2/tps/win32/jre/bin/server;C:/Xilinx/Vivado/Vivado/2014.2/tps/win32/jre/bin;C:/Xilinx/Vivado/SDK/2014.2/bin;C:/Xilinx/Vivado/Vivado/2014.2/ids_lite/ISE/bin/nt;C:/Xilinx/Vivado/Vivado/2014.2/ids_lite/ISE/lib/nt;C:\Program Files\NVIDIA Corporation\PhysX\Common;C:\Windows\system32;C:\Windows;C:\Windows\System32\Wbem;C:\Windows\System32\WindowsPowerShell\v1.0\;C:\Program Files\EgisTec BioExcess\;C:\Program Files\Intel\OpenCL SDK\2.0\bin\x86;.;;.;
USERNAME=lenovon
OS=Windows_NT
PROCESSOR_IDENTIFIER=x86 Family 6 Model 42 Stepping 7, GenuineIntel



---------------  S Y S T E M  ---------------

OS: Windows 7 Build 7601 Service Pack 1

CPU:total 4 (2 cores per cpu, 2 threads per core) family 6 model 42 stepping 7, cmov, cx8, fxsr, mmx, sse, sse2, sse3, ssse3, sse4.1, sse4.2, popcnt, avx, ht, tsc, tscinvbit

Memory: 4k page, physical 2003088k(464296k free), swap 4006176k(1918752k free)

vm_info: Java HotSpot(TM) Server VM (24.0-b56) for windows-x86 JRE (1.7.0_40-b43), built on Aug 26 2013 22:30:36 by "java_re" with unknown MS VC++:1600

time: Fri Oct 17 19:04:35 2014
elapsed time: 621 seconds

