#-----------------------------------------------------------
# Vivado v2020.2 (64-bit)
# SW Build 3064766 on Wed Nov 18 09:12:45 MST 2020
# IP Build 3064653 on Wed Nov 18 14:17:31 MST 2020
# Start of session at: Tue Dec  7 15:40:43 2021
# Process ID: 39528
# Current directory: C:/Users/losyo/Desktop/final_pro/lab_vga1
# Command line: vivado.exe -gui_launcher_event rodinguilauncherevent37568 C:\Users\losyo\Desktop\final_pro\lab_vga1\lab_vga.xpr
# Log file: C:/Users/losyo/Desktop/final_pro/lab_vga1/vivado.log
# Journal file: C:/Users/losyo/Desktop/final_pro/lab_vga1\vivado.jou
#-----------------------------------------------------------
start_gui
open_project C:/Users/losyo/Desktop/final_pro/lab_vga1/lab_vga.xpr
INFO: [Project 1-313] Project file moved from 'D:/FPGA/MyProject/KuPao/lab_vga1' since last save.
Scanning sources...
Finished scanning sources
INFO: [IP_Flow 19-234] Refreshing IP repositories
INFO: [IP_Flow 19-1704] No user IP repositories specified
INFO: [IP_Flow 19-2313] Loaded Vivado IP repository 'C:/Xilinx/Vivado/2020.2/data/ip'.
WARNING: [IP_Flow 19-2162] IP 'clk_wiz_0' is locked:
* IP definition 'Clocking Wizard (5.1)' for IP 'clk_wiz_0' (customized with software release 2014.2) has a newer major version in the IP Catalog. * Current project part 'xc7a35tcpg236-3' and the part 'xc7a35tcpg236-1' used to customize the IP 'clk_wiz_0' do not match.
WARNING: [IP_Flow 19-2162] IP 'blk_mem_gen_0' is locked:
* IP definition 'Block Memory Generator (8.2)' for IP 'blk_mem_gen_0' (customized with software release 2014.2) has a newer minor version in the IP Catalog. * Current project part 'xc7a35tcpg236-3' and the part 'xc7a35tcpg236-1' used to customize the IP 'blk_mem_gen_0' do not match.
WARNING: [IP_Flow 19-2162] IP 'blk_mem_gen_1' is locked:
* IP definition 'Block Memory Generator (8.2)' for IP 'blk_mem_gen_1' (customized with software release 2014.2) has a newer minor version in the IP Catalog. * Current project part 'xc7a35tcpg236-3' and the part 'xc7a35tcpg236-1' used to customize the IP 'blk_mem_gen_1' do not match.
WARNING: [IP_Flow 19-2162] IP 'blk_mem_gen_3' is locked:
* IP definition 'Block Memory Generator (8.2)' for IP 'blk_mem_gen_3' (customized with software release 2014.2) has a newer minor version in the IP Catalog. * Current project part 'xc7a35tcpg236-3' and the part 'xc7a35tcpg236-1' used to customize the IP 'blk_mem_gen_3' do not match.
INFO: [Project 1-230] Project 'lab_vga.xpr' upgraded for this version of Vivado.
open_project: Time (s): cpu = 00:00:15 ; elapsed = 00:00:05 . Memory (MB): peak = 1017.898 ; gain = 0.000
update_compile_order -fileset sources_1
exit
INFO: [Common 17-206] Exiting Vivado at Tue Dec  7 17:10:43 2021...
